2023-10-23T15:26:32.754+02:00  INFO 17560 --- [main] com.example.BankAppApplication           : Starting BankAppApplication using Java 19.0.2 with PID 17560 (D:\Ksu\Tel-Ran 070223-m\Java\Prof\CHeat\ProjectBankAppV.2.0\BankApp\target\classes started by Professional in D:\Ksu\Tel-Ran 070223-m\Java\Prof\CHeat\ProjectBankAppV.2.0)
2023-10-23T15:26:32.756+02:00  INFO 17560 --- [main] com.example.BankAppApplication           : No active profile set, falling back to 1 default profile: "default"
2023-10-23T15:26:33.215+02:00  INFO 17560 --- [main] .s.d.r.c.RepositoryConfigurationDelegate : Multiple Spring Data modules found, entering strict repository configuration mode
2023-10-23T15:26:33.216+02:00  INFO 17560 --- [main] .s.d.r.c.RepositoryConfigurationDelegate : Bootstrapping Spring Data JDBC repositories in DEFAULT mode.
2023-10-23T15:26:33.240+02:00  INFO 17560 --- [main] .RepositoryConfigurationExtensionSupport : Spring Data JDBC - Could not safely identify store assignment for repository candidate interface com.example.bankapp.repository.AccountRepository; If you want this repository to be a JDBC repository, consider annotating your entities with one of these annotations: org.springframework.data.relational.core.mapping.Table.
2023-10-23T15:26:33.241+02:00  INFO 17560 --- [main] .RepositoryConfigurationExtensionSupport : Spring Data JDBC - Could not safely identify store assignment for repository candidate interface com.example.bankapp.repository.AgreementRepository; If you want this repository to be a JDBC repository, consider annotating your entities with one of these annotations: org.springframework.data.relational.core.mapping.Table.
2023-10-23T15:26:33.241+02:00  INFO 17560 --- [main] .RepositoryConfigurationExtensionSupport : Spring Data JDBC - Could not safely identify store assignment for repository candidate interface com.example.bankapp.repository.ProductRepository; If you want this repository to be a JDBC repository, consider annotating your entities with one of these annotations: org.springframework.data.relational.core.mapping.Table.
2023-10-23T15:26:33.242+02:00  INFO 17560 --- [main] .RepositoryConfigurationExtensionSupport : Spring Data JDBC - Could not safely identify store assignment for repository candidate interface com.example.bankapp.repository.TransactionRepository; If you want this repository to be a JDBC repository, consider annotating your entities with one of these annotations: org.springframework.data.relational.core.mapping.Table.
2023-10-23T15:26:33.243+02:00  INFO 17560 --- [main] .RepositoryConfigurationExtensionSupport : Spring Data JDBC - Could not safely identify store assignment for repository candidate interface com.example.bankapp.repository.UserRepository; If you want this repository to be a JDBC repository, consider annotating your entities with one of these annotations: org.springframework.data.relational.core.mapping.Table.
2023-10-23T15:26:33.244+02:00  INFO 17560 --- [main] .s.d.r.c.RepositoryConfigurationDelegate : Finished Spring Data repository scanning in 24 ms. Found 0 JDBC repository interfaces.
2023-10-23T15:26:33.251+02:00  INFO 17560 --- [main] .s.d.r.c.RepositoryConfigurationDelegate : Multiple Spring Data modules found, entering strict repository configuration mode
2023-10-23T15:26:33.252+02:00  INFO 17560 --- [main] .s.d.r.c.RepositoryConfigurationDelegate : Bootstrapping Spring Data JPA repositories in DEFAULT mode.
2023-10-23T15:26:33.278+02:00  INFO 17560 --- [main] .s.d.r.c.RepositoryConfigurationDelegate : Finished Spring Data repository scanning in 23 ms. Found 5 JPA repository interfaces.
2023-10-23T15:26:33.571+02:00  WARN 17560 --- [main] ConfigServletWebServerApplicationContext : Exception encountered during context initialization - cancelling refresh attempt: org.springframework.context.ApplicationContextException: Unable to start web server
2023-10-23T15:26:33.578+02:00  INFO 17560 --- [main] .s.b.a.l.ConditionEvaluationReportLogger : 

Error starting ApplicationContext. To display the condition evaluation report re-run your application with 'debug' enabled.
2023-10-23T15:26:33.590+02:00 ERROR 17560 --- [main] o.s.b.d.LoggingFailureAnalysisReporter   : 

***************************
APPLICATION FAILED TO START
***************************

Description:

Web application could not be started as there was no org.springframework.boot.web.servlet.server.ServletWebServerFactory bean defined in the context.

Action:

Check your application's dependencies for a supported servlet web server.
Check the configured web application type.

2023-10-23T15:27:22.599+02:00  INFO 22728 --- [main] com.example.BankAppApplication           : Starting BankAppApplication using Java 19.0.2 with PID 22728 (D:\Ksu\Tel-Ran 070223-m\Java\Prof\CHeat\ProjectBankAppV.2.0\BankApp\target\classes started by Professional in D:\Ksu\Tel-Ran 070223-m\Java\Prof\CHeat\ProjectBankAppV.2.0)
2023-10-23T15:27:22.601+02:00  INFO 22728 --- [main] com.example.BankAppApplication           : No active profile set, falling back to 1 default profile: "default"
2023-10-23T15:27:22.981+02:00  INFO 22728 --- [main] .s.d.r.c.RepositoryConfigurationDelegate : Multiple Spring Data modules found, entering strict repository configuration mode
2023-10-23T15:27:22.982+02:00  INFO 22728 --- [main] .s.d.r.c.RepositoryConfigurationDelegate : Bootstrapping Spring Data JDBC repositories in DEFAULT mode.
2023-10-23T15:27:23.003+02:00  INFO 22728 --- [main] .RepositoryConfigurationExtensionSupport : Spring Data JDBC - Could not safely identify store assignment for repository candidate interface com.example.bankapp.repository.AccountRepository; If you want this repository to be a JDBC repository, consider annotating your entities with one of these annotations: org.springframework.data.relational.core.mapping.Table.
2023-10-23T15:27:23.004+02:00  INFO 22728 --- [main] .RepositoryConfigurationExtensionSupport : Spring Data JDBC - Could not safely identify store assignment for repository candidate interface com.example.bankapp.repository.AgreementRepository; If you want this repository to be a JDBC repository, consider annotating your entities with one of these annotations: org.springframework.data.relational.core.mapping.Table.
2023-10-23T15:27:23.005+02:00  INFO 22728 --- [main] .RepositoryConfigurationExtensionSupport : Spring Data JDBC - Could not safely identify store assignment for repository candidate interface com.example.bankapp.repository.ProductRepository; If you want this repository to be a JDBC repository, consider annotating your entities with one of these annotations: org.springframework.data.relational.core.mapping.Table.
2023-10-23T15:27:23.006+02:00  INFO 22728 --- [main] .RepositoryConfigurationExtensionSupport : Spring Data JDBC - Could not safely identify store assignment for repository candidate interface com.example.bankapp.repository.TransactionRepository; If you want this repository to be a JDBC repository, consider annotating your entities with one of these annotations: org.springframework.data.relational.core.mapping.Table.
2023-10-23T15:27:23.007+02:00  INFO 22728 --- [main] .RepositoryConfigurationExtensionSupport : Spring Data JDBC - Could not safely identify store assignment for repository candidate interface com.example.bankapp.repository.UserRepository; If you want this repository to be a JDBC repository, consider annotating your entities with one of these annotations: org.springframework.data.relational.core.mapping.Table.
2023-10-23T15:27:23.007+02:00  INFO 22728 --- [main] .s.d.r.c.RepositoryConfigurationDelegate : Finished Spring Data repository scanning in 22 ms. Found 0 JDBC repository interfaces.
2023-10-23T15:27:23.014+02:00  INFO 22728 --- [main] .s.d.r.c.RepositoryConfigurationDelegate : Multiple Spring Data modules found, entering strict repository configuration mode
2023-10-23T15:27:23.014+02:00  INFO 22728 --- [main] .s.d.r.c.RepositoryConfigurationDelegate : Bootstrapping Spring Data JPA repositories in DEFAULT mode.
2023-10-23T15:27:23.038+02:00  INFO 22728 --- [main] .s.d.r.c.RepositoryConfigurationDelegate : Finished Spring Data repository scanning in 21 ms. Found 5 JPA repository interfaces.
2023-10-23T15:27:23.308+02:00  WARN 22728 --- [main] ConfigServletWebServerApplicationContext : Exception encountered during context initialization - cancelling refresh attempt: org.springframework.context.ApplicationContextException: Unable to start web server
2023-10-23T15:27:23.314+02:00  INFO 22728 --- [main] .s.b.a.l.ConditionEvaluationReportLogger : 

Error starting ApplicationContext. To display the condition evaluation report re-run your application with 'debug' enabled.
2023-10-23T15:27:23.328+02:00 ERROR 22728 --- [main] o.s.b.d.LoggingFailureAnalysisReporter   : 

***************************
APPLICATION FAILED TO START
***************************

Description:

Web application could not be started as there was no org.springframework.boot.web.servlet.server.ServletWebServerFactory bean defined in the context.

Action:

Check your application's dependencies for a supported servlet web server.
Check the configured web application type.

2023-10-23T15:31:45.315+02:00  INFO 2136 --- [main] com.example.BankAppApplication           : Starting BankAppApplication using Java 19.0.2 with PID 2136 (D:\Ksu\Tel-Ran 070223-m\Java\Prof\CHeat\ProjectBankAppV.2.0\BankApp\target\classes started by Professional in D:\Ksu\Tel-Ran 070223-m\Java\Prof\CHeat\ProjectBankAppV.2.0)
2023-10-23T15:31:45.317+02:00  INFO 2136 --- [main] com.example.BankAppApplication           : No active profile set, falling back to 1 default profile: "default"
2023-10-23T15:31:45.713+02:00  INFO 2136 --- [main] .s.d.r.c.RepositoryConfigurationDelegate : Bootstrapping Spring Data JPA repositories in DEFAULT mode.
2023-10-23T15:31:45.760+02:00  INFO 2136 --- [main] .s.d.r.c.RepositoryConfigurationDelegate : Finished Spring Data repository scanning in 42 ms. Found 5 JPA repository interfaces.
2023-10-23T15:31:46.006+02:00  WARN 2136 --- [main] ConfigServletWebServerApplicationContext : Exception encountered during context initialization - cancelling refresh attempt: org.springframework.context.ApplicationContextException: Unable to start web server
2023-10-23T15:31:46.011+02:00  INFO 2136 --- [main] .s.b.a.l.ConditionEvaluationReportLogger : 

Error starting ApplicationContext. To display the condition evaluation report re-run your application with 'debug' enabled.
2023-10-23T15:31:46.021+02:00 ERROR 2136 --- [main] o.s.b.d.LoggingFailureAnalysisReporter   : 

***************************
APPLICATION FAILED TO START
***************************

Description:

Web application could not be started as there was no org.springframework.boot.web.servlet.server.ServletWebServerFactory bean defined in the context.

Action:

Check your application's dependencies for a supported servlet web server.
Check the configured web application type.

2023-10-23T15:48:25.477+02:00  INFO 25716 --- [main] com.example.BankAppApplication           : Starting BankAppApplication using Java 19.0.2 with PID 25716 (D:\Ksu\Tel-Ran 070223-m\Java\Prof\CHeat\ProjectBankAppV.2.0\BankApp\target\classes started by Professional in D:\Ksu\Tel-Ran 070223-m\Java\Prof\CHeat\ProjectBankAppV.2.0)
2023-10-23T15:48:25.478+02:00  INFO 25716 --- [main] com.example.BankAppApplication           : No active profile set, falling back to 1 default profile: "default"
2023-10-23T15:48:25.930+02:00  INFO 25716 --- [main] .s.d.r.c.RepositoryConfigurationDelegate : Bootstrapping Spring Data JPA repositories in DEFAULT mode.
2023-10-23T15:48:25.991+02:00  INFO 25716 --- [main] .s.d.r.c.RepositoryConfigurationDelegate : Finished Spring Data repository scanning in 55 ms. Found 5 JPA repository interfaces.
2023-10-23T15:48:26.472+02:00  INFO 25716 --- [main] o.s.b.w.embedded.tomcat.TomcatWebServer  : Tomcat initialized with port(s): 8080 (http)
2023-10-23T15:48:26.479+02:00  INFO 25716 --- [main] o.apache.catalina.core.StandardService   : Starting service [Tomcat]
2023-10-23T15:48:26.479+02:00  INFO 25716 --- [main] o.apache.catalina.core.StandardEngine    : Starting Servlet engine: [Apache Tomcat/10.1.12]
2023-10-23T15:48:26.543+02:00  INFO 25716 --- [main] o.a.c.c.C.[Tomcat].[localhost].[/]       : Initializing Spring embedded WebApplicationContext
2023-10-23T15:48:26.543+02:00  INFO 25716 --- [main] w.s.c.ServletWebServerApplicationContext : Root WebApplicationContext: initialization completed in 1042 ms
2023-10-23T15:48:26.651+02:00  INFO 25716 --- [main] com.zaxxer.hikari.HikariDataSource       : HikariPool-1 - Starting...
2023-10-23T15:48:26.904+02:00  INFO 25716 --- [main] com.zaxxer.hikari.pool.HikariPool        : HikariPool-1 - Added connection com.mysql.cj.jdbc.ConnectionImpl@27df5806
2023-10-23T15:48:26.905+02:00  INFO 25716 --- [main] com.zaxxer.hikari.HikariDataSource       : HikariPool-1 - Start completed.
2023-10-23T15:48:27.118+02:00  INFO 25716 --- [main] liquibase.lockservice                    : Successfully acquired change log lock
2023-10-23T15:48:27.123+02:00  INFO 25716 --- [main] liquibase.command                        : Dropping Database Objects in schema: BankAppBase.BankAppBase
2023-10-23T15:48:27.318+02:00  INFO 25716 --- [main] liquibase.database                       : Successfully deleted all supported object types in schema BankAppBase.BankAppBase.
2023-10-23T15:48:27.324+02:00  WARN 25716 --- [main] liquibase.lockservice                    : Failed to release change log lock
2023-10-23T15:48:27.326+02:00  INFO 25716 --- [main] liquibase.command                        : Command execution complete
2023-10-23T15:48:27.555+02:00  INFO 25716 --- [main] liquibase.changelog                      : Creating database history table with name: BankAppBase.DATABASECHANGELOG
2023-10-23T15:48:27.568+02:00  INFO 25716 --- [main] liquibase.changelog                      : Reading from BankAppBase.DATABASECHANGELOG
2023-10-23T15:48:27.612+02:00  INFO 25716 --- [main] liquibase.lockservice                    : Successfully acquired change log lock
2023-10-23T15:48:27.618+02:00  INFO 25716 --- [main] liquibase.command                        : Using deploymentId: 8068907618
2023-10-23T15:48:27.619+02:00  INFO 25716 --- [main] liquibase.changelog                      : Reading from BankAppBase.DATABASECHANGELOG
2023-10-23T15:48:27.655+02:00  INFO 25716 --- [main] liquibase.changelog                      : Table users created
2023-10-23T15:48:27.656+02:00  INFO 25716 --- [main] liquibase.changelog                      : ChangeSet db/changeLog/changes/v0.0.1-SNAPSHOT/BE-0702-create-tables-changelog.xml::create users table::o.sardonikova ran successfully in 16ms
2023-10-23T15:48:27.672+02:00  INFO 25716 --- [main] liquibase.changelog                      : Table products created
2023-10-23T15:48:27.672+02:00  INFO 25716 --- [main] liquibase.changelog                      : ChangeSet db/changeLog/changes/v0.0.1-SNAPSHOT/BE-0702-create-tables-changelog.xml::create products table::o.sardonikova ran successfully in 12ms
2023-10-23T15:48:27.690+02:00  INFO 25716 --- [main] liquibase.changelog                      : Table accounts created
2023-10-23T15:48:27.690+02:00  INFO 25716 --- [main] liquibase.changelog                      : ChangeSet db/changeLog/changes/v0.0.1-SNAPSHOT/BE-0702-create-tables-changelog.xml::create accounts table::o.sardonikova ran successfully in 15ms
2023-10-23T15:48:27.713+02:00  INFO 25716 --- [main] liquibase.changelog                      : Table agreements created
2023-10-23T15:48:27.714+02:00  INFO 25716 --- [main] liquibase.changelog                      : ChangeSet db/changeLog/changes/v0.0.1-SNAPSHOT/BE-0702-create-tables-changelog.xml::create agreements table::o.sardonikova ran successfully in 20ms
2023-10-23T15:48:27.734+02:00  INFO 25716 --- [main] liquibase.changelog                      : Table transactions created
2023-10-23T15:48:27.734+02:00  INFO 25716 --- [main] liquibase.changelog                      : ChangeSet db/changeLog/changes/v0.0.1-SNAPSHOT/BE-0702-create-tables-changelog.xml::create transactions table::o.sardonikova ran successfully in 17ms
2023-10-23T15:48:27.740+02:00  INFO 25716 --- [main] liquibase.changelog                      : New row inserted into users
2023-10-23T15:48:27.741+02:00  INFO 25716 --- [main] liquibase.changelog                      : ChangeSet db/changeLog/changes/v0.0.1-SNAPSHOT/BE-0702_insert_test_data_changelog_1.xml::insert test data into users table::o.sardonikova ran successfully in 3ms
2023-10-23T15:48:27.745+02:00  INFO 25716 --- [main] liquibase.changelog                      : New row inserted into products
2023-10-23T15:48:27.746+02:00  INFO 25716 --- [main] liquibase.changelog                      : ChangeSet db/changeLog/changes/v0.0.1-SNAPSHOT/BE-0702_insert_test_data_changelog_1.xml::insert test data into products table::o.sardonikova ran successfully in 3ms
2023-10-23T15:48:27.751+02:00  INFO 25716 --- [main] liquibase.changelog                      : New row inserted into accounts
2023-10-23T15:48:27.752+02:00  INFO 25716 --- [main] liquibase.changelog                      : ChangeSet db/changeLog/changes/v0.0.1-SNAPSHOT/BE-0702_insert_test_data_changelog_1.xml::insert test data into accounts table::o.sardonikova ran successfully in 3ms
2023-10-23T15:48:27.757+02:00  INFO 25716 --- [main] liquibase.changelog                      : New row inserted into agreements
2023-10-23T15:48:27.758+02:00  INFO 25716 --- [main] liquibase.changelog                      : ChangeSet db/changeLog/changes/v0.0.1-SNAPSHOT/BE-0702_insert_test_data_changelog_1.xml::insert test data into agreements table::o.sardonikova ran successfully in 3ms
2023-10-23T15:48:27.763+02:00  INFO 25716 --- [main] liquibase.changelog                      : New row inserted into transactions
2023-10-23T15:48:27.764+02:00  INFO 25716 --- [main] liquibase.changelog                      : ChangeSet db/changeLog/changes/v0.0.1-SNAPSHOT/BE-0702_insert_test_data_changelog_1.xml::insert test data into transactions table::o.sardonikova ran successfully in 3ms
2023-10-23T15:48:27.768+02:00  INFO 25716 --- [main] liquibase.util                           : UPDATE SUMMARY
2023-10-23T15:48:27.768+02:00  INFO 25716 --- [main] liquibase.util                           : Run:                         10
2023-10-23T15:48:27.768+02:00  INFO 25716 --- [main] liquibase.util                           : Previously run:               0
2023-10-23T15:48:27.768+02:00  INFO 25716 --- [main] liquibase.util                           : Filtered out:                 0
2023-10-23T15:48:27.768+02:00  INFO 25716 --- [main] liquibase.util                           : -------------------------------
2023-10-23T15:48:27.768+02:00  INFO 25716 --- [main] liquibase.util                           : Total change sets:           10

2023-10-23T15:48:27.769+02:00  INFO 25716 --- [main] liquibase.util                           : Update summary generated
2023-10-23T15:48:27.769+02:00  INFO 25716 --- [main] liquibase.command                        : Update command completed successfully.
2023-10-23T15:48:27.772+02:00  INFO 25716 --- [main] liquibase.lockservice                    : Successfully released change log lock
2023-10-23T15:48:27.772+02:00  INFO 25716 --- [main] liquibase.command                        : Command execution complete
2023-10-23T15:48:27.860+02:00  INFO 25716 --- [main] o.hibernate.jpa.internal.util.LogHelper  : HHH000204: Processing PersistenceUnitInfo [name: default]
2023-10-23T15:48:27.904+02:00  INFO 25716 --- [main] org.hibernate.Version                    : HHH000412: Hibernate ORM core version 6.2.7.Final
2023-10-23T15:48:27.905+02:00  INFO 25716 --- [main] org.hibernate.cfg.Environment            : HHH000406: Using bytecode reflection optimizer
2023-10-23T15:48:28.002+02:00  INFO 25716 --- [main] o.h.b.i.BytecodeProviderInitiator        : HHH000021: Bytecode provider name : bytebuddy
2023-10-23T15:48:28.102+02:00  INFO 25716 --- [main] o.s.o.j.p.SpringPersistenceUnitInfo      : No LoadTimeWeaver setup: ignoring JPA class transformer
2023-10-23T15:48:28.289+02:00  INFO 25716 --- [main] o.h.b.i.BytecodeProviderInitiator        : HHH000021: Bytecode provider name : bytebuddy
2023-10-23T15:48:28.758+02:00  INFO 25716 --- [main] o.h.e.t.j.p.i.JtaPlatformInitiator       : HHH000490: Using JtaPlatform implementation: [org.hibernate.engine.transaction.jta.platform.internal.NoJtaPlatform]
2023-10-23T15:48:28.760+02:00  INFO 25716 --- [main] j.LocalContainerEntityManagerFactoryBean : Initialized JPA EntityManagerFactory for persistence unit 'default'
2023-10-23T15:48:29.332+02:00  INFO 25716 --- [main] o.s.d.j.r.query.QueryEnhancerFactory     : Hibernate is in classpath; If applicable, HQL parser will be used.
2023-10-23T15:48:30.038+02:00  INFO 25716 --- [main] o.s.b.w.embedded.tomcat.TomcatWebServer  : Tomcat started on port(s): 8080 (http) with context path ''
2023-10-23T15:48:30.043+02:00  INFO 25716 --- [main] com.example.BankAppApplication           : Started BankAppApplication in 4.894 seconds (process running for 5.469)
2023-10-23T15:48:38.409+02:00  INFO 25716 --- [SpringApplicationShutdownHook] j.LocalContainerEntityManagerFactoryBean : Closing JPA EntityManagerFactory for persistence unit 'default'
2023-10-23T15:48:38.411+02:00  INFO 25716 --- [SpringApplicationShutdownHook] com.zaxxer.hikari.HikariDataSource       : HikariPool-1 - Shutdown initiated...
2023-10-23T15:48:38.415+02:00  INFO 25716 --- [SpringApplicationShutdownHook] com.zaxxer.hikari.HikariDataSource       : HikariPool-1 - Shutdown completed.
2023-10-23T16:25:33.762+02:00  INFO 25112 --- [main] com.example.BankAppApplication           : Starting BankAppApplication using Java 19.0.2 with PID 25112 (D:\Ksu\Tel-Ran 070223-m\Java\Prof\CHeat\ProjectBankAppV.2.0\BankApp\target\classes started by Professional in D:\Ksu\Tel-Ran 070223-m\Java\Prof\CHeat\ProjectBankAppV.2.0)
2023-10-23T16:25:33.764+02:00  INFO 25112 --- [main] com.example.BankAppApplication           : No active profile set, falling back to 1 default profile: "default"
2023-10-23T16:25:34.188+02:00  INFO 25112 --- [main] .s.d.r.c.RepositoryConfigurationDelegate : Bootstrapping Spring Data JPA repositories in DEFAULT mode.
2023-10-23T16:25:34.254+02:00  INFO 25112 --- [main] .s.d.r.c.RepositoryConfigurationDelegate : Finished Spring Data repository scanning in 60 ms. Found 5 JPA repository interfaces.
2023-10-23T16:25:34.727+02:00  INFO 25112 --- [main] o.s.b.w.embedded.tomcat.TomcatWebServer  : Tomcat initialized with port(s): 8080 (http)
2023-10-23T16:25:34.733+02:00  INFO 25112 --- [main] o.apache.catalina.core.StandardService   : Starting service [Tomcat]
2023-10-23T16:25:34.733+02:00  INFO 25112 --- [main] o.apache.catalina.core.StandardEngine    : Starting Servlet engine: [Apache Tomcat/10.1.12]
2023-10-23T16:25:34.800+02:00  INFO 25112 --- [main] o.a.c.c.C.[Tomcat].[localhost].[/]       : Initializing Spring embedded WebApplicationContext
2023-10-23T16:25:34.800+02:00  INFO 25112 --- [main] w.s.c.ServletWebServerApplicationContext : Root WebApplicationContext: initialization completed in 1011 ms
2023-10-23T16:25:34.913+02:00  INFO 25112 --- [main] com.zaxxer.hikari.HikariDataSource       : HikariPool-1 - Starting...
2023-10-23T16:25:35.101+02:00  INFO 25112 --- [main] com.zaxxer.hikari.pool.HikariPool        : HikariPool-1 - Added connection com.mysql.cj.jdbc.ConnectionImpl@32da97fd
2023-10-23T16:25:35.102+02:00  INFO 25112 --- [main] com.zaxxer.hikari.HikariDataSource       : HikariPool-1 - Start completed.
2023-10-23T16:25:35.286+02:00  INFO 25112 --- [main] liquibase.lockservice                    : Successfully acquired change log lock
2023-10-23T16:25:35.291+02:00  INFO 25112 --- [main] liquibase.command                        : Dropping Database Objects in schema: BankAppBase.BankAppBase
2023-10-23T16:25:35.470+02:00  INFO 25112 --- [main] liquibase.database                       : Successfully deleted all supported object types in schema BankAppBase.BankAppBase.
2023-10-23T16:25:35.476+02:00  WARN 25112 --- [main] liquibase.lockservice                    : Failed to release change log lock
2023-10-23T16:25:35.478+02:00  INFO 25112 --- [main] liquibase.command                        : Command execution complete
2023-10-23T16:25:35.705+02:00  INFO 25112 --- [main] liquibase.changelog                      : Creating database history table with name: BankAppBase.DATABASECHANGELOG
2023-10-23T16:25:35.727+02:00  INFO 25112 --- [main] liquibase.changelog                      : Reading from BankAppBase.DATABASECHANGELOG
2023-10-23T16:25:35.775+02:00  INFO 25112 --- [main] liquibase.lockservice                    : Successfully acquired change log lock
2023-10-23T16:25:35.781+02:00  INFO 25112 --- [main] liquibase.command                        : Using deploymentId: 8071135781
2023-10-23T16:25:35.782+02:00  INFO 25112 --- [main] liquibase.changelog                      : Reading from BankAppBase.DATABASECHANGELOG
2023-10-23T16:25:35.822+02:00  INFO 25112 --- [main] liquibase.changelog                      : Table users created
2023-10-23T16:25:35.823+02:00  INFO 25112 --- [main] liquibase.changelog                      : ChangeSet db/changeLog/changes/v0.0.1-SNAPSHOT/BE-0702-create-tables-changelog.xml::create users table::o.sardonikova ran successfully in 16ms
2023-10-23T16:25:35.840+02:00  INFO 25112 --- [main] liquibase.changelog                      : Table products created
2023-10-23T16:25:35.840+02:00  INFO 25112 --- [main] liquibase.changelog                      : ChangeSet db/changeLog/changes/v0.0.1-SNAPSHOT/BE-0702-create-tables-changelog.xml::create products table::o.sardonikova ran successfully in 13ms
2023-10-23T16:25:35.860+02:00  INFO 25112 --- [main] liquibase.changelog                      : Table accounts created
2023-10-23T16:25:35.860+02:00  INFO 25112 --- [main] liquibase.changelog                      : ChangeSet db/changeLog/changes/v0.0.1-SNAPSHOT/BE-0702-create-tables-changelog.xml::create accounts table::o.sardonikova ran successfully in 17ms
2023-10-23T16:25:35.883+02:00  INFO 25112 --- [main] liquibase.changelog                      : Table agreements created
2023-10-23T16:25:35.884+02:00  INFO 25112 --- [main] liquibase.changelog                      : ChangeSet db/changeLog/changes/v0.0.1-SNAPSHOT/BE-0702-create-tables-changelog.xml::create agreements table::o.sardonikova ran successfully in 19ms
2023-10-23T16:25:35.904+02:00  INFO 25112 --- [main] liquibase.changelog                      : Table transactions created
2023-10-23T16:25:35.905+02:00  INFO 25112 --- [main] liquibase.changelog                      : ChangeSet db/changeLog/changes/v0.0.1-SNAPSHOT/BE-0702-create-tables-changelog.xml::create transactions table::o.sardonikova ran successfully in 18ms
2023-10-23T16:25:35.910+02:00  INFO 25112 --- [main] liquibase.changelog                      : New row inserted into users
2023-10-23T16:25:35.911+02:00  INFO 25112 --- [main] liquibase.changelog                      : ChangeSet db/changeLog/changes/v0.0.1-SNAPSHOT/BE-0702_insert_test_data_changelog_1.xml::insert test data into users table::o.sardonikova ran successfully in 2ms
2023-10-23T16:25:35.916+02:00  INFO 25112 --- [main] liquibase.changelog                      : New row inserted into products
2023-10-23T16:25:35.917+02:00  INFO 25112 --- [main] liquibase.changelog                      : ChangeSet db/changeLog/changes/v0.0.1-SNAPSHOT/BE-0702_insert_test_data_changelog_1.xml::insert test data into products table::o.sardonikova ran successfully in 3ms
2023-10-23T16:25:35.923+02:00  INFO 25112 --- [main] liquibase.changelog                      : New row inserted into accounts
2023-10-23T16:25:35.924+02:00  INFO 25112 --- [main] liquibase.changelog                      : ChangeSet db/changeLog/changes/v0.0.1-SNAPSHOT/BE-0702_insert_test_data_changelog_1.xml::insert test data into accounts table::o.sardonikova ran successfully in 4ms
2023-10-23T16:25:35.930+02:00  INFO 25112 --- [main] liquibase.changelog                      : New row inserted into agreements
2023-10-23T16:25:35.931+02:00  INFO 25112 --- [main] liquibase.changelog                      : ChangeSet db/changeLog/changes/v0.0.1-SNAPSHOT/BE-0702_insert_test_data_changelog_1.xml::insert test data into agreements table::o.sardonikova ran successfully in 3ms
2023-10-23T16:25:35.937+02:00  INFO 25112 --- [main] liquibase.changelog                      : New row inserted into transactions
2023-10-23T16:25:35.938+02:00  INFO 25112 --- [main] liquibase.changelog                      : ChangeSet db/changeLog/changes/v0.0.1-SNAPSHOT/BE-0702_insert_test_data_changelog_1.xml::insert test data into transactions table::o.sardonikova ran successfully in 3ms
2023-10-23T16:25:35.942+02:00  INFO 25112 --- [main] liquibase.util                           : UPDATE SUMMARY
2023-10-23T16:25:35.942+02:00  INFO 25112 --- [main] liquibase.util                           : Run:                         10
2023-10-23T16:25:35.942+02:00  INFO 25112 --- [main] liquibase.util                           : Previously run:               0
2023-10-23T16:25:35.942+02:00  INFO 25112 --- [main] liquibase.util                           : Filtered out:                 0
2023-10-23T16:25:35.942+02:00  INFO 25112 --- [main] liquibase.util                           : -------------------------------
2023-10-23T16:25:35.942+02:00  INFO 25112 --- [main] liquibase.util                           : Total change sets:           10

2023-10-23T16:25:35.943+02:00  INFO 25112 --- [main] liquibase.util                           : Update summary generated
2023-10-23T16:25:35.944+02:00  INFO 25112 --- [main] liquibase.command                        : Update command completed successfully.
2023-10-23T16:25:35.946+02:00  INFO 25112 --- [main] liquibase.lockservice                    : Successfully released change log lock
2023-10-23T16:25:35.946+02:00  INFO 25112 --- [main] liquibase.command                        : Command execution complete
2023-10-23T16:25:36.026+02:00  INFO 25112 --- [main] o.hibernate.jpa.internal.util.LogHelper  : HHH000204: Processing PersistenceUnitInfo [name: default]
2023-10-23T16:25:36.058+02:00  INFO 25112 --- [main] org.hibernate.Version                    : HHH000412: Hibernate ORM core version 6.2.7.Final
2023-10-23T16:25:36.062+02:00  INFO 25112 --- [main] org.hibernate.cfg.Environment            : HHH000406: Using bytecode reflection optimizer
2023-10-23T16:25:36.148+02:00  INFO 25112 --- [main] o.h.b.i.BytecodeProviderInitiator        : HHH000021: Bytecode provider name : bytebuddy
2023-10-23T16:25:36.238+02:00  INFO 25112 --- [main] o.s.o.j.p.SpringPersistenceUnitInfo      : No LoadTimeWeaver setup: ignoring JPA class transformer
2023-10-23T16:25:36.406+02:00  INFO 25112 --- [main] o.h.b.i.BytecodeProviderInitiator        : HHH000021: Bytecode provider name : bytebuddy
2023-10-23T16:25:36.853+02:00  INFO 25112 --- [main] o.h.e.t.j.p.i.JtaPlatformInitiator       : HHH000490: Using JtaPlatform implementation: [org.hibernate.engine.transaction.jta.platform.internal.NoJtaPlatform]
2023-10-23T16:25:36.855+02:00  INFO 25112 --- [main] j.LocalContainerEntityManagerFactoryBean : Initialized JPA EntityManagerFactory for persistence unit 'default'
2023-10-23T16:25:37.418+02:00  INFO 25112 --- [main] o.s.d.j.r.query.QueryEnhancerFactory     : Hibernate is in classpath; If applicable, HQL parser will be used.
2023-10-23T16:25:38.105+02:00  INFO 25112 --- [main] o.s.b.w.embedded.tomcat.TomcatWebServer  : Tomcat started on port(s): 8080 (http) with context path ''
2023-10-23T16:25:38.110+02:00  INFO 25112 --- [main] com.example.BankAppApplication           : Started BankAppApplication in 4.667 seconds (process running for 5.062)
2023-10-23T16:26:53.337+02:00  INFO 25112 --- [SpringApplicationShutdownHook] j.LocalContainerEntityManagerFactoryBean : Closing JPA EntityManagerFactory for persistence unit 'default'
2023-10-23T16:26:53.338+02:00  INFO 25112 --- [SpringApplicationShutdownHook] com.zaxxer.hikari.HikariDataSource       : HikariPool-1 - Shutdown initiated...
2023-10-23T16:26:53.342+02:00  INFO 25112 --- [SpringApplicationShutdownHook] com.zaxxer.hikari.HikariDataSource       : HikariPool-1 - Shutdown completed.
2023-10-23T16:28:18.099+02:00  INFO 13708 --- [main] com.example.BankAppApplication           : Starting BankAppApplication using Java 19.0.2 with PID 13708 (D:\Ksu\Tel-Ran 070223-m\Java\Prof\CHeat\ProjectBankAppV.2.0\BankApp\target\classes started by Professional in D:\Ksu\Tel-Ran 070223-m\Java\Prof\CHeat\ProjectBankAppV.2.0)
2023-10-23T16:28:18.101+02:00  INFO 13708 --- [main] com.example.BankAppApplication           : No active profile set, falling back to 1 default profile: "default"
2023-10-23T16:28:18.424+02:00  INFO 13708 --- [main] .s.d.r.c.RepositoryConfigurationDelegate : Bootstrapping Spring Data JPA repositories in DEFAULT mode.
2023-10-23T16:28:18.469+02:00  INFO 13708 --- [main] .s.d.r.c.RepositoryConfigurationDelegate : Finished Spring Data repository scanning in 40 ms. Found 5 JPA repository interfaces.
2023-10-23T16:28:18.894+02:00  INFO 13708 --- [main] o.s.b.w.embedded.tomcat.TomcatWebServer  : Tomcat initialized with port(s): 8080 (http)
2023-10-23T16:28:18.900+02:00  INFO 13708 --- [main] o.apache.catalina.core.StandardService   : Starting service [Tomcat]
2023-10-23T16:28:18.900+02:00  INFO 13708 --- [main] o.apache.catalina.core.StandardEngine    : Starting Servlet engine: [Apache Tomcat/10.1.12]
2023-10-23T16:28:18.973+02:00  INFO 13708 --- [main] o.a.c.c.C.[Tomcat].[localhost].[/]       : Initializing Spring embedded WebApplicationContext
2023-10-23T16:28:18.973+02:00  INFO 13708 --- [main] w.s.c.ServletWebServerApplicationContext : Root WebApplicationContext: initialization completed in 850 ms
2023-10-23T16:28:19.078+02:00  INFO 13708 --- [main] com.zaxxer.hikari.HikariDataSource       : HikariPool-1 - Starting...
2023-10-23T16:28:19.253+02:00  INFO 13708 --- [main] com.zaxxer.hikari.pool.HikariPool        : HikariPool-1 - Added connection com.mysql.cj.jdbc.ConnectionImpl@4aa22cc2
2023-10-23T16:28:19.255+02:00  INFO 13708 --- [main] com.zaxxer.hikari.HikariDataSource       : HikariPool-1 - Start completed.
2023-10-23T16:28:19.412+02:00  INFO 13708 --- [main] liquibase.lockservice                    : Successfully acquired change log lock
2023-10-23T16:28:19.417+02:00  INFO 13708 --- [main] liquibase.command                        : Dropping Database Objects in schema: BankAppBase.BankAppBase
2023-10-23T16:28:19.601+02:00  INFO 13708 --- [main] liquibase.database                       : Successfully deleted all supported object types in schema BankAppBase.BankAppBase.
2023-10-23T16:28:19.608+02:00  WARN 13708 --- [main] liquibase.lockservice                    : Failed to release change log lock
2023-10-23T16:28:19.609+02:00  INFO 13708 --- [main] liquibase.command                        : Command execution complete
2023-10-23T16:28:19.836+02:00  INFO 13708 --- [main] liquibase.changelog                      : Creating database history table with name: BankAppBase.DATABASECHANGELOG
2023-10-23T16:28:19.858+02:00  INFO 13708 --- [main] liquibase.changelog                      : Reading from BankAppBase.DATABASECHANGELOG
2023-10-23T16:28:19.906+02:00  INFO 13708 --- [main] liquibase.lockservice                    : Successfully acquired change log lock
2023-10-23T16:28:19.912+02:00  INFO 13708 --- [main] liquibase.command                        : Using deploymentId: 8071299912
2023-10-23T16:28:19.913+02:00  INFO 13708 --- [main] liquibase.changelog                      : Reading from BankAppBase.DATABASECHANGELOG
2023-10-23T16:28:19.956+02:00  INFO 13708 --- [main] liquibase.changelog                      : Table users created
2023-10-23T16:28:19.957+02:00  INFO 13708 --- [main] liquibase.changelog                      : ChangeSet db/changeLog/changes/v0.0.1-SNAPSHOT/BE-0702-create-tables-changelog.xml::create users table::o.sardonikova ran successfully in 20ms
2023-10-23T16:28:19.984+02:00  INFO 13708 --- [main] liquibase.changelog                      : Table products created
2023-10-23T16:28:19.985+02:00  INFO 13708 --- [main] liquibase.changelog                      : ChangeSet db/changeLog/changes/v0.0.1-SNAPSHOT/BE-0702-create-tables-changelog.xml::create products table::o.sardonikova ran successfully in 20ms
2023-10-23T16:28:20.010+02:00  INFO 13708 --- [main] liquibase.changelog                      : Table accounts created
2023-10-23T16:28:20.010+02:00  INFO 13708 --- [main] liquibase.changelog                      : ChangeSet db/changeLog/changes/v0.0.1-SNAPSHOT/BE-0702-create-tables-changelog.xml::create accounts table::o.sardonikova ran successfully in 18ms
2023-10-23T16:28:20.035+02:00  INFO 13708 --- [main] liquibase.changelog                      : Table agreements created
2023-10-23T16:28:20.036+02:00  INFO 13708 --- [main] liquibase.changelog                      : ChangeSet db/changeLog/changes/v0.0.1-SNAPSHOT/BE-0702-create-tables-changelog.xml::create agreements table::o.sardonikova ran successfully in 21ms
2023-10-23T16:28:20.056+02:00  INFO 13708 --- [main] liquibase.changelog                      : Table transactions created
2023-10-23T16:28:20.056+02:00  INFO 13708 --- [main] liquibase.changelog                      : ChangeSet db/changeLog/changes/v0.0.1-SNAPSHOT/BE-0702-create-tables-changelog.xml::create transactions table::o.sardonikova ran successfully in 17ms
2023-10-23T16:28:20.061+02:00  INFO 13708 --- [main] liquibase.changelog                      : New row inserted into users
2023-10-23T16:28:20.062+02:00  INFO 13708 --- [main] liquibase.changelog                      : ChangeSet db/changeLog/changes/v0.0.1-SNAPSHOT/BE-0702_insert_test_data_changelog_1.xml::insert test data into users table::o.sardonikova ran successfully in 3ms
2023-10-23T16:28:20.067+02:00  INFO 13708 --- [main] liquibase.changelog                      : New row inserted into products
2023-10-23T16:28:20.068+02:00  INFO 13708 --- [main] liquibase.changelog                      : ChangeSet db/changeLog/changes/v0.0.1-SNAPSHOT/BE-0702_insert_test_data_changelog_1.xml::insert test data into products table::o.sardonikova ran successfully in 3ms
2023-10-23T16:28:20.073+02:00  INFO 13708 --- [main] liquibase.changelog                      : New row inserted into accounts
2023-10-23T16:28:20.074+02:00  INFO 13708 --- [main] liquibase.changelog                      : New row inserted into accounts
2023-10-23T16:28:20.075+02:00  INFO 13708 --- [main] liquibase.changelog                      : ChangeSet db/changeLog/changes/v0.0.1-SNAPSHOT/BE-0702_insert_test_data_changelog_1.xml::insert test data into accounts table::o.sardonikova ran successfully in 4ms
2023-10-23T16:28:20.079+02:00  INFO 13708 --- [main] liquibase.changelog                      : New row inserted into agreements
2023-10-23T16:28:20.080+02:00  INFO 13708 --- [main] liquibase.changelog                      : ChangeSet db/changeLog/changes/v0.0.1-SNAPSHOT/BE-0702_insert_test_data_changelog_1.xml::insert test data into agreements table::o.sardonikova ran successfully in 3ms
2023-10-23T16:28:20.085+02:00  INFO 13708 --- [main] liquibase.changelog                      : New row inserted into transactions
2023-10-23T16:28:20.086+02:00  INFO 13708 --- [main] liquibase.changelog                      : ChangeSet db/changeLog/changes/v0.0.1-SNAPSHOT/BE-0702_insert_test_data_changelog_1.xml::insert test data into transactions table::o.sardonikova ran successfully in 3ms
2023-10-23T16:28:20.089+02:00  INFO 13708 --- [main] liquibase.util                           : UPDATE SUMMARY
2023-10-23T16:28:20.089+02:00  INFO 13708 --- [main] liquibase.util                           : Run:                         10
2023-10-23T16:28:20.089+02:00  INFO 13708 --- [main] liquibase.util                           : Previously run:               0
2023-10-23T16:28:20.089+02:00  INFO 13708 --- [main] liquibase.util                           : Filtered out:                 0
2023-10-23T16:28:20.089+02:00  INFO 13708 --- [main] liquibase.util                           : -------------------------------
2023-10-23T16:28:20.089+02:00  INFO 13708 --- [main] liquibase.util                           : Total change sets:           10

2023-10-23T16:28:20.090+02:00  INFO 13708 --- [main] liquibase.util                           : Update summary generated
2023-10-23T16:28:20.090+02:00  INFO 13708 --- [main] liquibase.command                        : Update command completed successfully.
2023-10-23T16:28:20.092+02:00  INFO 13708 --- [main] liquibase.lockservice                    : Successfully released change log lock
2023-10-23T16:28:20.092+02:00  INFO 13708 --- [main] liquibase.command                        : Command execution complete
2023-10-23T16:28:20.168+02:00  INFO 13708 --- [main] o.hibernate.jpa.internal.util.LogHelper  : HHH000204: Processing PersistenceUnitInfo [name: default]
2023-10-23T16:28:20.198+02:00  INFO 13708 --- [main] org.hibernate.Version                    : HHH000412: Hibernate ORM core version 6.2.7.Final
2023-10-23T16:28:20.200+02:00  INFO 13708 --- [main] org.hibernate.cfg.Environment            : HHH000406: Using bytecode reflection optimizer
2023-10-23T16:28:20.281+02:00  INFO 13708 --- [main] o.h.b.i.BytecodeProviderInitiator        : HHH000021: Bytecode provider name : bytebuddy
2023-10-23T16:28:20.358+02:00  INFO 13708 --- [main] o.s.o.j.p.SpringPersistenceUnitInfo      : No LoadTimeWeaver setup: ignoring JPA class transformer
2023-10-23T16:28:20.521+02:00  INFO 13708 --- [main] o.h.b.i.BytecodeProviderInitiator        : HHH000021: Bytecode provider name : bytebuddy
2023-10-23T16:28:20.954+02:00  INFO 13708 --- [main] o.h.e.t.j.p.i.JtaPlatformInitiator       : HHH000490: Using JtaPlatform implementation: [org.hibernate.engine.transaction.jta.platform.internal.NoJtaPlatform]
2023-10-23T16:28:20.956+02:00  INFO 13708 --- [main] j.LocalContainerEntityManagerFactoryBean : Initialized JPA EntityManagerFactory for persistence unit 'default'
2023-10-23T16:28:21.521+02:00  INFO 13708 --- [main] o.s.d.j.r.query.QueryEnhancerFactory     : Hibernate is in classpath; If applicable, HQL parser will be used.
2023-10-23T16:28:22.201+02:00  INFO 13708 --- [main] o.s.b.w.embedded.tomcat.TomcatWebServer  : Tomcat started on port(s): 8080 (http) with context path ''
2023-10-23T16:28:22.206+02:00  INFO 13708 --- [main] com.example.BankAppApplication           : Started BankAppApplication in 4.427 seconds (process running for 4.805)
2023-10-23T16:28:49.352+02:00  INFO 13708 --- [http-nio-8080-exec-2] o.a.c.c.C.[Tomcat].[localhost].[/]       : Initializing Spring DispatcherServlet 'dispatcherServlet'
2023-10-23T16:28:49.352+02:00  INFO 13708 --- [http-nio-8080-exec-2] o.s.web.servlet.DispatcherServlet        : Initializing Servlet 'dispatcherServlet'
2023-10-23T16:28:49.353+02:00  INFO 13708 --- [http-nio-8080-exec-2] o.s.web.servlet.DispatcherServlet        : Completed initialization in 1 ms
2023-10-23T16:28:49.421+02:00  INFO 13708 --- [http-nio-8080-exec-2] c.example.bankapp.aspect.LoggingAspect   : NEW REQUEST:
IP : 0:0:0:0:0:0:0:1
URL : http://localhost:8080/transaction/create
HTTP_METHOD : POST
CONTROLLER_METHOD : com.example.bankapp.controller.TransactionController.createTransaction
2023-10-23T16:28:49.424+02:00  INFO 13708 --- [http-nio-8080-exec-2] c.example.bankapp.aspect.LoggingAspect   : RUN SERVICE:
SERVICE_METHOD : com.example.bankapp.service.impl.TransactionServiceImpl.createTransaction
2023-10-23T16:28:49.508+02:00  INFO 13708 --- [http-nio-8080-exec-2] c.example.bankapp.aspect.LoggingAspect   : 
Return value: TransactionDto(id=302bfae7-df0f-4378-b51b-7fa86bdd8a5f, debitAccountId=a16b4e7d-8a29-4327-b79c-4f6b21410d12, creditAccountId=2442b573-307c-4f39-994e-5bb359745cba, type=DEPOSIT, amount=100.00, description=Пополнение счета, createdAt=2023-10-23T16:28:49.4784547)
END OF REQUEST
2023-10-23T16:32:46.382+02:00  INFO 13708 --- [SpringApplicationShutdownHook] j.LocalContainerEntityManagerFactoryBean : Closing JPA EntityManagerFactory for persistence unit 'default'
2023-10-23T16:32:46.384+02:00  INFO 13708 --- [SpringApplicationShutdownHook] com.zaxxer.hikari.HikariDataSource       : HikariPool-1 - Shutdown initiated...
2023-10-23T16:32:46.387+02:00  INFO 13708 --- [SpringApplicationShutdownHook] com.zaxxer.hikari.HikariDataSource       : HikariPool-1 - Shutdown completed.
2023-10-23T17:14:35.121+02:00  INFO 15672 --- [main] com.example.BankAppApplication           : Starting BankAppApplication using Java 19.0.2 with PID 15672 (D:\Ksu\Tel-Ran 070223-m\Java\Prof\CHeat\ProjectBankAppV.2.0\BankApp\target\classes started by Professional in D:\Ksu\Tel-Ran 070223-m\Java\Prof\CHeat\ProjectBankAppV.2.0)
2023-10-23T17:14:35.122+02:00  INFO 15672 --- [main] com.example.BankAppApplication           : No active profile set, falling back to 1 default profile: "default"
2023-10-23T17:14:35.492+02:00  INFO 15672 --- [main] .s.d.r.c.RepositoryConfigurationDelegate : Bootstrapping Spring Data JPA repositories in DEFAULT mode.
2023-10-23T17:14:35.538+02:00  INFO 15672 --- [main] .s.d.r.c.RepositoryConfigurationDelegate : Finished Spring Data repository scanning in 42 ms. Found 5 JPA repository interfaces.
2023-10-23T17:14:35.976+02:00  INFO 15672 --- [main] o.s.b.w.embedded.tomcat.TomcatWebServer  : Tomcat initialized with port(s): 8080 (http)
2023-10-23T17:14:35.982+02:00  INFO 15672 --- [main] o.apache.catalina.core.StandardService   : Starting service [Tomcat]
2023-10-23T17:14:35.982+02:00  INFO 15672 --- [main] o.apache.catalina.core.StandardEngine    : Starting Servlet engine: [Apache Tomcat/10.1.12]
2023-10-23T17:14:36.061+02:00  INFO 15672 --- [main] o.a.c.c.C.[Tomcat].[localhost].[/]       : Initializing Spring embedded WebApplicationContext
2023-10-23T17:14:36.062+02:00  INFO 15672 --- [main] w.s.c.ServletWebServerApplicationContext : Root WebApplicationContext: initialization completed in 918 ms
2023-10-23T17:14:36.173+02:00  INFO 15672 --- [main] com.zaxxer.hikari.HikariDataSource       : HikariPool-1 - Starting...
2023-10-23T17:14:36.361+02:00  INFO 15672 --- [main] com.zaxxer.hikari.pool.HikariPool        : HikariPool-1 - Added connection com.mysql.cj.jdbc.ConnectionImpl@365cef67
2023-10-23T17:14:36.362+02:00  INFO 15672 --- [main] com.zaxxer.hikari.HikariDataSource       : HikariPool-1 - Start completed.
2023-10-23T17:14:36.534+02:00  INFO 15672 --- [main] liquibase.lockservice                    : Successfully acquired change log lock
2023-10-23T17:14:36.538+02:00  INFO 15672 --- [main] liquibase.command                        : Dropping Database Objects in schema: BankAppBase.BankAppBase
2023-10-23T17:14:36.722+02:00  INFO 15672 --- [main] liquibase.database                       : Successfully deleted all supported object types in schema BankAppBase.BankAppBase.
2023-10-23T17:14:36.729+02:00  WARN 15672 --- [main] liquibase.lockservice                    : Failed to release change log lock
2023-10-23T17:14:36.730+02:00  INFO 15672 --- [main] liquibase.command                        : Command execution complete
2023-10-23T17:14:36.946+02:00  INFO 15672 --- [main] liquibase.changelog                      : Creating database history table with name: BankAppBase.DATABASECHANGELOG
2023-10-23T17:14:36.969+02:00  INFO 15672 --- [main] liquibase.changelog                      : Reading from BankAppBase.DATABASECHANGELOG
2023-10-23T17:14:37.014+02:00  INFO 15672 --- [main] liquibase.lockservice                    : Successfully acquired change log lock
2023-10-23T17:14:37.020+02:00  INFO 15672 --- [main] liquibase.command                        : Using deploymentId: 8074077020
2023-10-23T17:14:37.021+02:00  INFO 15672 --- [main] liquibase.changelog                      : Reading from BankAppBase.DATABASECHANGELOG
2023-10-23T17:14:37.060+02:00  INFO 15672 --- [main] liquibase.changelog                      : Table users created
2023-10-23T17:14:37.060+02:00  INFO 15672 --- [main] liquibase.changelog                      : ChangeSet db/changeLog/changes/v0.0.1-SNAPSHOT/BE-0702-create-tables-changelog.xml::create users table::o.sardonikova ran successfully in 16ms
2023-10-23T17:14:37.078+02:00  INFO 15672 --- [main] liquibase.changelog                      : Table products created
2023-10-23T17:14:37.079+02:00  INFO 15672 --- [main] liquibase.changelog                      : ChangeSet db/changeLog/changes/v0.0.1-SNAPSHOT/BE-0702-create-tables-changelog.xml::create products table::o.sardonikova ran successfully in 14ms
2023-10-23T17:14:37.099+02:00  INFO 15672 --- [main] liquibase.changelog                      : Table accounts created
2023-10-23T17:14:37.099+02:00  INFO 15672 --- [main] liquibase.changelog                      : ChangeSet db/changeLog/changes/v0.0.1-SNAPSHOT/BE-0702-create-tables-changelog.xml::create accounts table::o.sardonikova ran successfully in 15ms
2023-10-23T17:14:37.121+02:00  INFO 15672 --- [main] liquibase.changelog                      : Table agreements created
2023-10-23T17:14:37.121+02:00  INFO 15672 --- [main] liquibase.changelog                      : ChangeSet db/changeLog/changes/v0.0.1-SNAPSHOT/BE-0702-create-tables-changelog.xml::create agreements table::o.sardonikova ran successfully in 19ms
2023-10-23T17:14:37.141+02:00  INFO 15672 --- [main] liquibase.changelog                      : Table transactions created
2023-10-23T17:14:37.141+02:00  INFO 15672 --- [main] liquibase.changelog                      : ChangeSet db/changeLog/changes/v0.0.1-SNAPSHOT/BE-0702-create-tables-changelog.xml::create transactions table::o.sardonikova ran successfully in 17ms
2023-10-23T17:14:37.147+02:00  INFO 15672 --- [main] liquibase.changelog                      : New row inserted into users
2023-10-23T17:14:37.148+02:00  INFO 15672 --- [main] liquibase.changelog                      : ChangeSet db/changeLog/changes/v0.0.1-SNAPSHOT/BE-0702_insert_test_data_changelog_1.xml::insert test data into users table::o.sardonikova ran successfully in 4ms
2023-10-23T17:14:37.153+02:00  INFO 15672 --- [main] liquibase.changelog                      : New row inserted into products
2023-10-23T17:14:37.154+02:00  INFO 15672 --- [main] liquibase.changelog                      : ChangeSet db/changeLog/changes/v0.0.1-SNAPSHOT/BE-0702_insert_test_data_changelog_1.xml::insert test data into products table::o.sardonikova ran successfully in 3ms
2023-10-23T17:14:37.159+02:00  INFO 15672 --- [main] liquibase.changelog                      : New row inserted into accounts
2023-10-23T17:14:37.160+02:00  INFO 15672 --- [main] liquibase.changelog                      : New row inserted into accounts
2023-10-23T17:14:37.161+02:00  INFO 15672 --- [main] liquibase.changelog                      : ChangeSet db/changeLog/changes/v0.0.1-SNAPSHOT/BE-0702_insert_test_data_changelog_1.xml::insert test data into accounts table::o.sardonikova ran successfully in 4ms
2023-10-23T17:14:37.166+02:00  INFO 15672 --- [main] liquibase.changelog                      : New row inserted into agreements
2023-10-23T17:14:37.167+02:00  INFO 15672 --- [main] liquibase.changelog                      : ChangeSet db/changeLog/changes/v0.0.1-SNAPSHOT/BE-0702_insert_test_data_changelog_1.xml::insert test data into agreements table::o.sardonikova ran successfully in 3ms
2023-10-23T17:14:37.171+02:00  INFO 15672 --- [main] liquibase.changelog                      : New row inserted into transactions
2023-10-23T17:14:37.172+02:00  INFO 15672 --- [main] liquibase.changelog                      : ChangeSet db/changeLog/changes/v0.0.1-SNAPSHOT/BE-0702_insert_test_data_changelog_1.xml::insert test data into transactions table::o.sardonikova ran successfully in 3ms
2023-10-23T17:14:37.175+02:00  INFO 15672 --- [main] liquibase.util                           : UPDATE SUMMARY
2023-10-23T17:14:37.175+02:00  INFO 15672 --- [main] liquibase.util                           : Run:                         10
2023-10-23T17:14:37.175+02:00  INFO 15672 --- [main] liquibase.util                           : Previously run:               0
2023-10-23T17:14:37.175+02:00  INFO 15672 --- [main] liquibase.util                           : Filtered out:                 0
2023-10-23T17:14:37.175+02:00  INFO 15672 --- [main] liquibase.util                           : -------------------------------
2023-10-23T17:14:37.175+02:00  INFO 15672 --- [main] liquibase.util                           : Total change sets:           10

2023-10-23T17:14:37.176+02:00  INFO 15672 --- [main] liquibase.util                           : Update summary generated
2023-10-23T17:14:37.176+02:00  INFO 15672 --- [main] liquibase.command                        : Update command completed successfully.
2023-10-23T17:14:37.178+02:00  INFO 15672 --- [main] liquibase.lockservice                    : Successfully released change log lock
2023-10-23T17:14:37.178+02:00  INFO 15672 --- [main] liquibase.command                        : Command execution complete
2023-10-23T17:14:37.244+02:00  INFO 15672 --- [main] o.hibernate.jpa.internal.util.LogHelper  : HHH000204: Processing PersistenceUnitInfo [name: default]
2023-10-23T17:14:37.275+02:00  INFO 15672 --- [main] org.hibernate.Version                    : HHH000412: Hibernate ORM core version 6.2.7.Final
2023-10-23T17:14:37.276+02:00  INFO 15672 --- [main] org.hibernate.cfg.Environment            : HHH000406: Using bytecode reflection optimizer
2023-10-23T17:14:37.352+02:00  INFO 15672 --- [main] o.h.b.i.BytecodeProviderInitiator        : HHH000021: Bytecode provider name : bytebuddy
2023-10-23T17:14:37.433+02:00  INFO 15672 --- [main] o.s.o.j.p.SpringPersistenceUnitInfo      : No LoadTimeWeaver setup: ignoring JPA class transformer
2023-10-23T17:14:37.596+02:00  INFO 15672 --- [main] o.h.b.i.BytecodeProviderInitiator        : HHH000021: Bytecode provider name : bytebuddy
2023-10-23T17:14:38.054+02:00  INFO 15672 --- [main] o.h.e.t.j.p.i.JtaPlatformInitiator       : HHH000490: Using JtaPlatform implementation: [org.hibernate.engine.transaction.jta.platform.internal.NoJtaPlatform]
2023-10-23T17:14:38.056+02:00  INFO 15672 --- [main] j.LocalContainerEntityManagerFactoryBean : Initialized JPA EntityManagerFactory for persistence unit 'default'
2023-10-23T17:14:38.361+02:00  INFO 15672 --- [main] o.s.d.j.r.query.QueryEnhancerFactory     : Hibernate is in classpath; If applicable, HQL parser will be used.
2023-10-23T17:14:39.304+02:00  INFO 15672 --- [main] o.s.b.w.embedded.tomcat.TomcatWebServer  : Tomcat started on port(s): 8080 (http) with context path ''
2023-10-23T17:14:39.309+02:00  INFO 15672 --- [main] com.example.BankAppApplication           : Started BankAppApplication in 4.516 seconds (process running for 5.078)
2023-10-23T17:15:49.967+02:00  INFO 15672 --- [http-nio-8080-exec-2] o.a.c.c.C.[Tomcat].[localhost].[/]       : Initializing Spring DispatcherServlet 'dispatcherServlet'
2023-10-23T17:15:49.967+02:00  INFO 15672 --- [http-nio-8080-exec-2] o.s.web.servlet.DispatcherServlet        : Initializing Servlet 'dispatcherServlet'
2023-10-23T17:15:49.968+02:00  INFO 15672 --- [http-nio-8080-exec-2] o.s.web.servlet.DispatcherServlet        : Completed initialization in 1 ms
2023-10-23T17:15:49.998+02:00  INFO 15672 --- [http-nio-8080-exec-2] c.example.bankapp.aspect.LoggingAspect   : NEW REQUEST:
IP : 0:0:0:0:0:0:0:1
URL : http://localhost:8080/account/get-by-productName
HTTP_METHOD : GET
CONTROLLER_METHOD : com.example.bankapp.controller.AccountController.getByProductName
2023-10-23T17:15:50.002+02:00  INFO 15672 --- [http-nio-8080-exec-2] c.example.bankapp.aspect.LoggingAspect   : RUN SERVICE:
SERVICE_METHOD : com.example.bankapp.service.impl.AccountServiceImpl.getByProductName
2023-10-23T17:15:50.089+02:00  INFO 15672 --- [http-nio-8080-exec-2] c.example.bankapp.aspect.LoggingAspect   : 
Return value: [AccountDto(name=Savings Account, type=TRAVEL, status=ACTIVE, balance=5000.0000, currencyCode=USD, clientId=c67bfe33-e779-4d0e-81a3-8e6f1870d601)]
END OF REQUEST
2023-10-23T17:17:14.006+02:00  INFO 15672 --- [SpringApplicationShutdownHook] j.LocalContainerEntityManagerFactoryBean : Closing JPA EntityManagerFactory for persistence unit 'default'
2023-10-23T17:17:14.008+02:00  INFO 15672 --- [SpringApplicationShutdownHook] com.zaxxer.hikari.HikariDataSource       : HikariPool-1 - Shutdown initiated...
2023-10-23T17:17:14.011+02:00  INFO 15672 --- [SpringApplicationShutdownHook] com.zaxxer.hikari.HikariDataSource       : HikariPool-1 - Shutdown completed.
2023-10-23T17:17:20.606+02:00  INFO 19860 --- [main] com.example.BankAppApplication           : Starting BankAppApplication using Java 19.0.2 with PID 19860 (D:\Ksu\Tel-Ran 070223-m\Java\Prof\CHeat\ProjectBankAppV.2.0\BankApp\target\classes started by Professional in D:\Ksu\Tel-Ran 070223-m\Java\Prof\CHeat\ProjectBankAppV.2.0)
2023-10-23T17:17:20.608+02:00  INFO 19860 --- [main] com.example.BankAppApplication           : No active profile set, falling back to 1 default profile: "default"
2023-10-23T17:17:20.953+02:00  INFO 19860 --- [main] .s.d.r.c.RepositoryConfigurationDelegate : Bootstrapping Spring Data JPA repositories in DEFAULT mode.
2023-10-23T17:17:20.999+02:00  INFO 19860 --- [main] .s.d.r.c.RepositoryConfigurationDelegate : Finished Spring Data repository scanning in 41 ms. Found 5 JPA repository interfaces.
2023-10-23T17:17:21.417+02:00  INFO 19860 --- [main] o.s.b.w.embedded.tomcat.TomcatWebServer  : Tomcat initialized with port(s): 8080 (http)
2023-10-23T17:17:21.423+02:00  INFO 19860 --- [main] o.apache.catalina.core.StandardService   : Starting service [Tomcat]
2023-10-23T17:17:21.423+02:00  INFO 19860 --- [main] o.apache.catalina.core.StandardEngine    : Starting Servlet engine: [Apache Tomcat/10.1.12]
2023-10-23T17:17:21.485+02:00  INFO 19860 --- [main] o.a.c.c.C.[Tomcat].[localhost].[/]       : Initializing Spring embedded WebApplicationContext
2023-10-23T17:17:21.485+02:00  INFO 19860 --- [main] w.s.c.ServletWebServerApplicationContext : Root WebApplicationContext: initialization completed in 855 ms
2023-10-23T17:17:21.590+02:00  INFO 19860 --- [main] com.zaxxer.hikari.HikariDataSource       : HikariPool-1 - Starting...
2023-10-23T17:17:21.765+02:00  INFO 19860 --- [main] com.zaxxer.hikari.pool.HikariPool        : HikariPool-1 - Added connection com.mysql.cj.jdbc.ConnectionImpl@314b7945
2023-10-23T17:17:21.766+02:00  INFO 19860 --- [main] com.zaxxer.hikari.HikariDataSource       : HikariPool-1 - Start completed.
2023-10-23T17:17:21.935+02:00  INFO 19860 --- [main] liquibase.lockservice                    : Successfully acquired change log lock
2023-10-23T17:17:21.939+02:00  INFO 19860 --- [main] liquibase.command                        : Dropping Database Objects in schema: BankAppBase.BankAppBase
2023-10-23T17:17:22.120+02:00  INFO 19860 --- [main] liquibase.database                       : Successfully deleted all supported object types in schema BankAppBase.BankAppBase.
2023-10-23T17:17:22.126+02:00  WARN 19860 --- [main] liquibase.lockservice                    : Failed to release change log lock
2023-10-23T17:17:22.128+02:00  INFO 19860 --- [main] liquibase.command                        : Command execution complete
2023-10-23T17:17:22.344+02:00  INFO 19860 --- [main] liquibase.changelog                      : Creating database history table with name: BankAppBase.DATABASECHANGELOG
2023-10-23T17:17:22.367+02:00  INFO 19860 --- [main] liquibase.changelog                      : Reading from BankAppBase.DATABASECHANGELOG
2023-10-23T17:17:22.419+02:00  INFO 19860 --- [main] liquibase.lockservice                    : Successfully acquired change log lock
2023-10-23T17:17:22.425+02:00  INFO 19860 --- [main] liquibase.command                        : Using deploymentId: 8074242425
2023-10-23T17:17:22.426+02:00  INFO 19860 --- [main] liquibase.changelog                      : Reading from BankAppBase.DATABASECHANGELOG
2023-10-23T17:17:22.464+02:00  INFO 19860 --- [main] liquibase.changelog                      : Table users created
2023-10-23T17:17:22.465+02:00  INFO 19860 --- [main] liquibase.changelog                      : ChangeSet db/changeLog/changes/v0.0.1-SNAPSHOT/BE-0702-create-tables-changelog.xml::create users table::o.sardonikova ran successfully in 16ms
2023-10-23T17:17:22.484+02:00  INFO 19860 --- [main] liquibase.changelog                      : Table products created
2023-10-23T17:17:22.485+02:00  INFO 19860 --- [main] liquibase.changelog                      : ChangeSet db/changeLog/changes/v0.0.1-SNAPSHOT/BE-0702-create-tables-changelog.xml::create products table::o.sardonikova ran successfully in 16ms
2023-10-23T17:17:22.507+02:00  INFO 19860 --- [main] liquibase.changelog                      : Table accounts created
2023-10-23T17:17:22.508+02:00  INFO 19860 --- [main] liquibase.changelog                      : ChangeSet db/changeLog/changes/v0.0.1-SNAPSHOT/BE-0702-create-tables-changelog.xml::create accounts table::o.sardonikova ran successfully in 19ms
2023-10-23T17:17:22.531+02:00  INFO 19860 --- [main] liquibase.changelog                      : Table agreements created
2023-10-23T17:17:22.531+02:00  INFO 19860 --- [main] liquibase.changelog                      : ChangeSet db/changeLog/changes/v0.0.1-SNAPSHOT/BE-0702-create-tables-changelog.xml::create agreements table::o.sardonikova ran successfully in 20ms
2023-10-23T17:17:22.551+02:00  INFO 19860 --- [main] liquibase.changelog                      : Table transactions created
2023-10-23T17:17:22.551+02:00  INFO 19860 --- [main] liquibase.changelog                      : ChangeSet db/changeLog/changes/v0.0.1-SNAPSHOT/BE-0702-create-tables-changelog.xml::create transactions table::o.sardonikova ran successfully in 17ms
2023-10-23T17:17:22.556+02:00  INFO 19860 --- [main] liquibase.changelog                      : New row inserted into users
2023-10-23T17:17:22.557+02:00  INFO 19860 --- [main] liquibase.changelog                      : ChangeSet db/changeLog/changes/v0.0.1-SNAPSHOT/BE-0702_insert_test_data_changelog_1.xml::insert test data into users table::o.sardonikova ran successfully in 3ms
2023-10-23T17:17:22.561+02:00  INFO 19860 --- [main] liquibase.changelog                      : New row inserted into products
2023-10-23T17:17:22.562+02:00  INFO 19860 --- [main] liquibase.changelog                      : ChangeSet db/changeLog/changes/v0.0.1-SNAPSHOT/BE-0702_insert_test_data_changelog_1.xml::insert test data into products table::o.sardonikova ran successfully in 3ms
2023-10-23T17:17:22.567+02:00  INFO 19860 --- [main] liquibase.changelog                      : New row inserted into accounts
2023-10-23T17:17:22.568+02:00  INFO 19860 --- [main] liquibase.changelog                      : New row inserted into accounts
2023-10-23T17:17:22.569+02:00  INFO 19860 --- [main] liquibase.changelog                      : ChangeSet db/changeLog/changes/v0.0.1-SNAPSHOT/BE-0702_insert_test_data_changelog_1.xml::insert test data into accounts table::o.sardonikova ran successfully in 4ms
2023-10-23T17:17:22.573+02:00  INFO 19860 --- [main] liquibase.changelog                      : New row inserted into agreements
2023-10-23T17:17:22.573+02:00  INFO 19860 --- [main] liquibase.changelog                      : ChangeSet db/changeLog/changes/v0.0.1-SNAPSHOT/BE-0702_insert_test_data_changelog_1.xml::insert test data into agreements table::o.sardonikova ran successfully in 2ms
2023-10-23T17:17:22.577+02:00  INFO 19860 --- [main] liquibase.changelog                      : New row inserted into transactions
2023-10-23T17:17:22.578+02:00  INFO 19860 --- [main] liquibase.changelog                      : ChangeSet db/changeLog/changes/v0.0.1-SNAPSHOT/BE-0702_insert_test_data_changelog_1.xml::insert test data into transactions table::o.sardonikova ran successfully in 2ms
2023-10-23T17:17:22.581+02:00  INFO 19860 --- [main] liquibase.util                           : UPDATE SUMMARY
2023-10-23T17:17:22.581+02:00  INFO 19860 --- [main] liquibase.util                           : Run:                         10
2023-10-23T17:17:22.581+02:00  INFO 19860 --- [main] liquibase.util                           : Previously run:               0
2023-10-23T17:17:22.581+02:00  INFO 19860 --- [main] liquibase.util                           : Filtered out:                 0
2023-10-23T17:17:22.581+02:00  INFO 19860 --- [main] liquibase.util                           : -------------------------------
2023-10-23T17:17:22.582+02:00  INFO 19860 --- [main] liquibase.util                           : Total change sets:           10

2023-10-23T17:17:22.582+02:00  INFO 19860 --- [main] liquibase.util                           : Update summary generated
2023-10-23T17:17:22.583+02:00  INFO 19860 --- [main] liquibase.command                        : Update command completed successfully.
2023-10-23T17:17:22.585+02:00  INFO 19860 --- [main] liquibase.lockservice                    : Successfully released change log lock
2023-10-23T17:17:22.585+02:00  INFO 19860 --- [main] liquibase.command                        : Command execution complete
2023-10-23T17:17:22.651+02:00  INFO 19860 --- [main] o.hibernate.jpa.internal.util.LogHelper  : HHH000204: Processing PersistenceUnitInfo [name: default]
2023-10-23T17:17:22.682+02:00  INFO 19860 --- [main] org.hibernate.Version                    : HHH000412: Hibernate ORM core version 6.2.7.Final
2023-10-23T17:17:22.683+02:00  INFO 19860 --- [main] org.hibernate.cfg.Environment            : HHH000406: Using bytecode reflection optimizer
2023-10-23T17:17:22.760+02:00  INFO 19860 --- [main] o.h.b.i.BytecodeProviderInitiator        : HHH000021: Bytecode provider name : bytebuddy
2023-10-23T17:17:22.835+02:00  INFO 19860 --- [main] o.s.o.j.p.SpringPersistenceUnitInfo      : No LoadTimeWeaver setup: ignoring JPA class transformer
2023-10-23T17:17:22.998+02:00  INFO 19860 --- [main] o.h.b.i.BytecodeProviderInitiator        : HHH000021: Bytecode provider name : bytebuddy
2023-10-23T17:17:23.430+02:00  INFO 19860 --- [main] o.h.e.t.j.p.i.JtaPlatformInitiator       : HHH000490: Using JtaPlatform implementation: [org.hibernate.engine.transaction.jta.platform.internal.NoJtaPlatform]
2023-10-23T17:17:23.432+02:00  INFO 19860 --- [main] j.LocalContainerEntityManagerFactoryBean : Initialized JPA EntityManagerFactory for persistence unit 'default'
2023-10-23T17:17:23.735+02:00  INFO 19860 --- [main] o.s.d.j.r.query.QueryEnhancerFactory     : Hibernate is in classpath; If applicable, HQL parser will be used.
2023-10-23T17:17:24.661+02:00  INFO 19860 --- [main] o.s.b.w.embedded.tomcat.TomcatWebServer  : Tomcat started on port(s): 8080 (http) with context path ''
2023-10-23T17:17:24.666+02:00  INFO 19860 --- [main] com.example.BankAppApplication           : Started BankAppApplication in 4.362 seconds (process running for 4.721)
2023-10-23T17:17:29.420+02:00  INFO 19860 --- [http-nio-8080-exec-2] o.a.c.c.C.[Tomcat].[localhost].[/]       : Initializing Spring DispatcherServlet 'dispatcherServlet'
2023-10-23T17:17:29.421+02:00  INFO 19860 --- [http-nio-8080-exec-2] o.s.web.servlet.DispatcherServlet        : Initializing Servlet 'dispatcherServlet'
2023-10-23T17:17:29.421+02:00  INFO 19860 --- [http-nio-8080-exec-2] o.s.web.servlet.DispatcherServlet        : Completed initialization in 0 ms
2023-10-23T17:17:29.446+02:00  INFO 19860 --- [http-nio-8080-exec-2] c.example.bankapp.aspect.LoggingAspect   : NEW REQUEST:
IP : 0:0:0:0:0:0:0:1
URL : http://localhost:8080/account/get-by-productName
HTTP_METHOD : GET
CONTROLLER_METHOD : com.example.bankapp.controller.AccountController.getByProductName
2023-10-23T17:17:29.451+02:00  INFO 19860 --- [http-nio-8080-exec-2] c.example.bankapp.aspect.LoggingAspect   : RUN SERVICE:
SERVICE_METHOD : com.example.bankapp.service.impl.AccountServiceImpl.getByProductName
2023-10-23T17:17:29.536+02:00  INFO 19860 --- [http-nio-8080-exec-2] c.example.bankapp.aspect.LoggingAspect   : 
Return value: [AccountDto(id=null, name=Savings Account, type=TRAVEL, status=ACTIVE, balance=5000.0000, currencyCode=USD, clientId=c67bfe33-e779-4d0e-81a3-8e6f1870d601)]
END OF REQUEST
2023-10-23T17:20:42.496+02:00  INFO 19860 --- [SpringApplicationShutdownHook] j.LocalContainerEntityManagerFactoryBean : Closing JPA EntityManagerFactory for persistence unit 'default'
2023-10-23T17:20:42.498+02:00  INFO 19860 --- [SpringApplicationShutdownHook] com.zaxxer.hikari.HikariDataSource       : HikariPool-1 - Shutdown initiated...
2023-10-23T17:20:42.501+02:00  INFO 19860 --- [SpringApplicationShutdownHook] com.zaxxer.hikari.HikariDataSource       : HikariPool-1 - Shutdown completed.
2023-10-23T17:20:46.975+02:00  INFO 24892 --- [main] com.example.BankAppApplication           : Starting BankAppApplication using Java 19.0.2 with PID 24892 (D:\Ksu\Tel-Ran 070223-m\Java\Prof\CHeat\ProjectBankAppV.2.0\BankApp\target\classes started by Professional in D:\Ksu\Tel-Ran 070223-m\Java\Prof\CHeat\ProjectBankAppV.2.0)
2023-10-23T17:20:46.977+02:00  INFO 24892 --- [main] com.example.BankAppApplication           : No active profile set, falling back to 1 default profile: "default"
2023-10-23T17:20:47.347+02:00  INFO 24892 --- [main] .s.d.r.c.RepositoryConfigurationDelegate : Bootstrapping Spring Data JPA repositories in DEFAULT mode.
2023-10-23T17:20:47.393+02:00  INFO 24892 --- [main] .s.d.r.c.RepositoryConfigurationDelegate : Finished Spring Data repository scanning in 41 ms. Found 5 JPA repository interfaces.
2023-10-23T17:20:47.805+02:00  INFO 24892 --- [main] o.s.b.w.embedded.tomcat.TomcatWebServer  : Tomcat initialized with port(s): 8080 (http)
2023-10-23T17:20:47.811+02:00  INFO 24892 --- [main] o.apache.catalina.core.StandardService   : Starting service [Tomcat]
2023-10-23T17:20:47.811+02:00  INFO 24892 --- [main] o.apache.catalina.core.StandardEngine    : Starting Servlet engine: [Apache Tomcat/10.1.12]
2023-10-23T17:20:47.883+02:00  INFO 24892 --- [main] o.a.c.c.C.[Tomcat].[localhost].[/]       : Initializing Spring embedded WebApplicationContext
2023-10-23T17:20:47.883+02:00  INFO 24892 --- [main] w.s.c.ServletWebServerApplicationContext : Root WebApplicationContext: initialization completed in 885 ms
2023-10-23T17:20:47.983+02:00  INFO 24892 --- [main] com.zaxxer.hikari.HikariDataSource       : HikariPool-1 - Starting...
2023-10-23T17:20:48.184+02:00  INFO 24892 --- [main] com.zaxxer.hikari.pool.HikariPool        : HikariPool-1 - Added connection com.mysql.cj.jdbc.ConnectionImpl@59d6642a
2023-10-23T17:20:48.185+02:00  INFO 24892 --- [main] com.zaxxer.hikari.HikariDataSource       : HikariPool-1 - Start completed.
2023-10-23T17:20:48.355+02:00  INFO 24892 --- [main] liquibase.lockservice                    : Successfully acquired change log lock
2023-10-23T17:20:48.359+02:00  INFO 24892 --- [main] liquibase.command                        : Dropping Database Objects in schema: BankAppBase.BankAppBase
2023-10-23T17:20:48.526+02:00  INFO 24892 --- [main] liquibase.database                       : Successfully deleted all supported object types in schema BankAppBase.BankAppBase.
2023-10-23T17:20:48.533+02:00  WARN 24892 --- [main] liquibase.lockservice                    : Failed to release change log lock
2023-10-23T17:20:48.534+02:00  INFO 24892 --- [main] liquibase.command                        : Command execution complete
2023-10-23T17:20:48.750+02:00  INFO 24892 --- [main] liquibase.changelog                      : Creating database history table with name: BankAppBase.DATABASECHANGELOG
2023-10-23T17:20:48.774+02:00  INFO 24892 --- [main] liquibase.changelog                      : Reading from BankAppBase.DATABASECHANGELOG
2023-10-23T17:20:48.822+02:00  INFO 24892 --- [main] liquibase.lockservice                    : Successfully acquired change log lock
2023-10-23T17:20:48.828+02:00  INFO 24892 --- [main] liquibase.command                        : Using deploymentId: 8074448827
2023-10-23T17:20:48.829+02:00  INFO 24892 --- [main] liquibase.changelog                      : Reading from BankAppBase.DATABASECHANGELOG
2023-10-23T17:20:48.868+02:00  INFO 24892 --- [main] liquibase.changelog                      : Table users created
2023-10-23T17:20:48.868+02:00  INFO 24892 --- [main] liquibase.changelog                      : ChangeSet db/changeLog/changes/v0.0.1-SNAPSHOT/BE-0702-create-tables-changelog.xml::create users table::o.sardonikova ran successfully in 16ms
2023-10-23T17:20:48.886+02:00  INFO 24892 --- [main] liquibase.changelog                      : Table products created
2023-10-23T17:20:48.886+02:00  INFO 24892 --- [main] liquibase.changelog                      : ChangeSet db/changeLog/changes/v0.0.1-SNAPSHOT/BE-0702-create-tables-changelog.xml::create products table::o.sardonikova ran successfully in 13ms
2023-10-23T17:20:48.906+02:00  INFO 24892 --- [main] liquibase.changelog                      : Table accounts created
2023-10-23T17:20:48.906+02:00  INFO 24892 --- [main] liquibase.changelog                      : ChangeSet db/changeLog/changes/v0.0.1-SNAPSHOT/BE-0702-create-tables-changelog.xml::create accounts table::o.sardonikova ran successfully in 15ms
2023-10-23T17:20:48.928+02:00  INFO 24892 --- [main] liquibase.changelog                      : Table agreements created
2023-10-23T17:20:48.928+02:00  INFO 24892 --- [main] liquibase.changelog                      : ChangeSet db/changeLog/changes/v0.0.1-SNAPSHOT/BE-0702-create-tables-changelog.xml::create agreements table::o.sardonikova ran successfully in 19ms
2023-10-23T17:20:48.948+02:00  INFO 24892 --- [main] liquibase.changelog                      : Table transactions created
2023-10-23T17:20:48.949+02:00  INFO 24892 --- [main] liquibase.changelog                      : ChangeSet db/changeLog/changes/v0.0.1-SNAPSHOT/BE-0702-create-tables-changelog.xml::create transactions table::o.sardonikova ran successfully in 16ms
2023-10-23T17:20:48.955+02:00  INFO 24892 --- [main] liquibase.changelog                      : New row inserted into users
2023-10-23T17:20:48.956+02:00  INFO 24892 --- [main] liquibase.changelog                      : ChangeSet db/changeLog/changes/v0.0.1-SNAPSHOT/BE-0702_insert_test_data_changelog_1.xml::insert test data into users table::o.sardonikova ran successfully in 3ms
2023-10-23T17:20:48.960+02:00  INFO 24892 --- [main] liquibase.changelog                      : New row inserted into products
2023-10-23T17:20:48.961+02:00  INFO 24892 --- [main] liquibase.changelog                      : ChangeSet db/changeLog/changes/v0.0.1-SNAPSHOT/BE-0702_insert_test_data_changelog_1.xml::insert test data into products table::o.sardonikova ran successfully in 3ms
2023-10-23T17:20:48.966+02:00  INFO 24892 --- [main] liquibase.changelog                      : New row inserted into accounts
2023-10-23T17:20:48.967+02:00  INFO 24892 --- [main] liquibase.changelog                      : New row inserted into accounts
2023-10-23T17:20:48.968+02:00  INFO 24892 --- [main] liquibase.changelog                      : ChangeSet db/changeLog/changes/v0.0.1-SNAPSHOT/BE-0702_insert_test_data_changelog_1.xml::insert test data into accounts table::o.sardonikova ran successfully in 4ms
2023-10-23T17:20:48.973+02:00  INFO 24892 --- [main] liquibase.changelog                      : New row inserted into agreements
2023-10-23T17:20:48.974+02:00  INFO 24892 --- [main] liquibase.changelog                      : ChangeSet db/changeLog/changes/v0.0.1-SNAPSHOT/BE-0702_insert_test_data_changelog_1.xml::insert test data into agreements table::o.sardonikova ran successfully in 3ms
2023-10-23T17:20:48.978+02:00  INFO 24892 --- [main] liquibase.changelog                      : New row inserted into transactions
2023-10-23T17:20:48.979+02:00  INFO 24892 --- [main] liquibase.changelog                      : ChangeSet db/changeLog/changes/v0.0.1-SNAPSHOT/BE-0702_insert_test_data_changelog_1.xml::insert test data into transactions table::o.sardonikova ran successfully in 3ms
2023-10-23T17:20:48.983+02:00  INFO 24892 --- [main] liquibase.util                           : UPDATE SUMMARY
2023-10-23T17:20:48.983+02:00  INFO 24892 --- [main] liquibase.util                           : Run:                         10
2023-10-23T17:20:48.983+02:00  INFO 24892 --- [main] liquibase.util                           : Previously run:               0
2023-10-23T17:20:48.983+02:00  INFO 24892 --- [main] liquibase.util                           : Filtered out:                 0
2023-10-23T17:20:48.983+02:00  INFO 24892 --- [main] liquibase.util                           : -------------------------------
2023-10-23T17:20:48.983+02:00  INFO 24892 --- [main] liquibase.util                           : Total change sets:           10

2023-10-23T17:20:48.984+02:00  INFO 24892 --- [main] liquibase.util                           : Update summary generated
2023-10-23T17:20:48.985+02:00  INFO 24892 --- [main] liquibase.command                        : Update command completed successfully.
2023-10-23T17:20:48.987+02:00  INFO 24892 --- [main] liquibase.lockservice                    : Successfully released change log lock
2023-10-23T17:20:48.987+02:00  INFO 24892 --- [main] liquibase.command                        : Command execution complete
2023-10-23T17:20:49.060+02:00  INFO 24892 --- [main] o.hibernate.jpa.internal.util.LogHelper  : HHH000204: Processing PersistenceUnitInfo [name: default]
2023-10-23T17:20:49.090+02:00  INFO 24892 --- [main] org.hibernate.Version                    : HHH000412: Hibernate ORM core version 6.2.7.Final
2023-10-23T17:20:49.091+02:00  INFO 24892 --- [main] org.hibernate.cfg.Environment            : HHH000406: Using bytecode reflection optimizer
2023-10-23T17:20:49.167+02:00  INFO 24892 --- [main] o.h.b.i.BytecodeProviderInitiator        : HHH000021: Bytecode provider name : bytebuddy
2023-10-23T17:20:49.250+02:00  INFO 24892 --- [main] o.s.o.j.p.SpringPersistenceUnitInfo      : No LoadTimeWeaver setup: ignoring JPA class transformer
2023-10-23T17:20:49.417+02:00  INFO 24892 --- [main] o.h.b.i.BytecodeProviderInitiator        : HHH000021: Bytecode provider name : bytebuddy
2023-10-23T17:20:49.840+02:00  INFO 24892 --- [main] o.h.e.t.j.p.i.JtaPlatformInitiator       : HHH000490: Using JtaPlatform implementation: [org.hibernate.engine.transaction.jta.platform.internal.NoJtaPlatform]
2023-10-23T17:20:49.842+02:00  INFO 24892 --- [main] j.LocalContainerEntityManagerFactoryBean : Initialized JPA EntityManagerFactory for persistence unit 'default'
2023-10-23T17:20:50.139+02:00  INFO 24892 --- [main] o.s.d.j.r.query.QueryEnhancerFactory     : Hibernate is in classpath; If applicable, HQL parser will be used.
2023-10-23T17:20:51.067+02:00  INFO 24892 --- [main] o.s.b.w.embedded.tomcat.TomcatWebServer  : Tomcat started on port(s): 8080 (http) with context path ''
2023-10-23T17:20:51.072+02:00  INFO 24892 --- [main] com.example.BankAppApplication           : Started BankAppApplication in 4.405 seconds (process running for 4.819)
2023-10-23T17:20:55.345+02:00  INFO 24892 --- [http-nio-8080-exec-1] o.a.c.c.C.[Tomcat].[localhost].[/]       : Initializing Spring DispatcherServlet 'dispatcherServlet'
2023-10-23T17:20:55.346+02:00  INFO 24892 --- [http-nio-8080-exec-1] o.s.web.servlet.DispatcherServlet        : Initializing Servlet 'dispatcherServlet'
2023-10-23T17:20:55.346+02:00  INFO 24892 --- [http-nio-8080-exec-1] o.s.web.servlet.DispatcherServlet        : Completed initialization in 0 ms
2023-10-23T17:20:55.375+02:00  INFO 24892 --- [http-nio-8080-exec-1] c.example.bankapp.aspect.LoggingAspect   : NEW REQUEST:
IP : 0:0:0:0:0:0:0:1
URL : http://localhost:8080/account/get-by-productName
HTTP_METHOD : GET
CONTROLLER_METHOD : com.example.bankapp.controller.AccountController.getByProductName
2023-10-23T17:20:55.379+02:00  INFO 24892 --- [http-nio-8080-exec-1] c.example.bankapp.aspect.LoggingAspect   : RUN SERVICE:
SERVICE_METHOD : com.example.bankapp.service.impl.AccountServiceImpl.getByProductName
2023-10-23T17:20:55.463+02:00  INFO 24892 --- [http-nio-8080-exec-1] c.example.bankapp.aspect.LoggingAspect   : 
Return value: [AccountDto(id=a16b4e7d-8a29-4327-b79c-4f6b21410d12, name=Savings Account, type=TRAVEL, status=ACTIVE, balance=5000.0000, currencyCode=USD, clientId=c67bfe33-e779-4d0e-81a3-8e6f1870d601)]
END OF REQUEST
2023-10-23T17:22:04.008+02:00  INFO 24892 --- [SpringApplicationShutdownHook] j.LocalContainerEntityManagerFactoryBean : Closing JPA EntityManagerFactory for persistence unit 'default'
2023-10-23T17:22:04.009+02:00  INFO 24892 --- [SpringApplicationShutdownHook] com.zaxxer.hikari.HikariDataSource       : HikariPool-1 - Shutdown initiated...
2023-10-23T17:22:04.013+02:00  INFO 24892 --- [SpringApplicationShutdownHook] com.zaxxer.hikari.HikariDataSource       : HikariPool-1 - Shutdown completed.
