2023-12-07T12:43:01.572+01:00  INFO 2196 --- [main] com.example.BankAppApplication           : Starting BankAppApplication using Java 19.0.2 with PID 2196 (D:\Ksu\Tel-Ran 070223-m\Java\Prof\CHeat\ProjectBankAppV.2.0\BankApp\target\classes started by Professional in D:\Ksu\Tel-Ran 070223-m\Java\Prof\CHeat\ProjectBankAppV.2.0)
2023-12-07T12:43:01.575+01:00  INFO 2196 --- [main] com.example.BankAppApplication           : No active profile set, falling back to 1 default profile: "default"
2023-12-07T12:43:02.157+01:00  INFO 2196 --- [main] .s.d.r.c.RepositoryConfigurationDelegate : Bootstrapping Spring Data JPA repositories in DEFAULT mode.
2023-12-07T12:43:02.212+01:00  INFO 2196 --- [main] .s.d.r.c.RepositoryConfigurationDelegate : Finished Spring Data repository scanning in 45 ms. Found 5 JPA repository interfaces.
2023-12-07T12:43:02.736+01:00  INFO 2196 --- [main] o.s.b.w.embedded.tomcat.TomcatWebServer  : Tomcat initialized with port(s): 8080 (http)
2023-12-07T12:43:02.746+01:00  INFO 2196 --- [main] o.apache.catalina.core.StandardService   : Starting service [Tomcat]
2023-12-07T12:43:02.746+01:00  INFO 2196 --- [main] o.apache.catalina.core.StandardEngine    : Starting Servlet engine: [Apache Tomcat/10.1.12]
2023-12-07T12:43:02.818+01:00  INFO 2196 --- [main] o.a.c.c.C.[Tomcat].[localhost].[/]       : Initializing Spring embedded WebApplicationContext
2023-12-07T12:43:02.818+01:00  INFO 2196 --- [main] w.s.c.ServletWebServerApplicationContext : Root WebApplicationContext: initialization completed in 1217 ms
2023-12-07T12:43:02.941+01:00  INFO 2196 --- [main] com.zaxxer.hikari.HikariDataSource       : HikariPool-1 - Starting...
2023-12-07T12:43:03.184+01:00  INFO 2196 --- [main] com.zaxxer.hikari.pool.HikariPool        : HikariPool-1 - Added connection com.mysql.cj.jdbc.ConnectionImpl@3f06ebe0
2023-12-07T12:43:03.185+01:00  INFO 2196 --- [main] com.zaxxer.hikari.HikariDataSource       : HikariPool-1 - Start completed.
2023-12-07T12:43:03.391+01:00  INFO 2196 --- [main] liquibase.lockservice                    : Successfully acquired change log lock
2023-12-07T12:43:03.396+01:00  INFO 2196 --- [main] liquibase.command                        : Dropping Database Objects in schema: BankAppBase.BankAppBase
2023-12-07T12:43:03.613+01:00  INFO 2196 --- [main] liquibase.database                       : Successfully deleted all supported object types in schema BankAppBase.BankAppBase.
2023-12-07T12:43:03.620+01:00  WARN 2196 --- [main] liquibase.lockservice                    : Failed to release change log lock
2023-12-07T12:43:03.622+01:00  INFO 2196 --- [main] liquibase.command                        : Command execution complete
2023-12-07T12:43:03.888+01:00  INFO 2196 --- [main] liquibase.changelog                      : Creating database history table with name: BankAppBase.DATABASECHANGELOG
2023-12-07T12:43:03.911+01:00  INFO 2196 --- [main] liquibase.changelog                      : Reading from BankAppBase.DATABASECHANGELOG
2023-12-07T12:43:03.957+01:00  INFO 2196 --- [main] liquibase.lockservice                    : Successfully acquired change log lock
2023-12-07T12:43:03.963+01:00  INFO 2196 --- [main] liquibase.command                        : Using deploymentId: 1949383963
2023-12-07T12:43:03.964+01:00  INFO 2196 --- [main] liquibase.changelog                      : Reading from BankAppBase.DATABASECHANGELOG
2023-12-07T12:43:04.006+01:00  INFO 2196 --- [main] liquibase.changelog                      : Table users created
2023-12-07T12:43:04.006+01:00  INFO 2196 --- [main] liquibase.changelog                      : ChangeSet db/changeLog/changes/v0.0.1-SNAPSHOT/BE-0702-create-tables-changelog.xml::create users table::o.sardonikova ran successfully in 16ms
2023-12-07T12:43:04.026+01:00  INFO 2196 --- [main] liquibase.changelog                      : Table products created
2023-12-07T12:43:04.026+01:00  INFO 2196 --- [main] liquibase.changelog                      : ChangeSet db/changeLog/changes/v0.0.1-SNAPSHOT/BE-0702-create-tables-changelog.xml::create products table::o.sardonikova ran successfully in 14ms
2023-12-07T12:43:04.046+01:00  INFO 2196 --- [main] liquibase.changelog                      : Table accounts created
2023-12-07T12:43:04.047+01:00  INFO 2196 --- [main] liquibase.changelog                      : ChangeSet db/changeLog/changes/v0.0.1-SNAPSHOT/BE-0702-create-tables-changelog.xml::create accounts table::o.sardonikova ran successfully in 17ms
2023-12-07T12:43:04.068+01:00  INFO 2196 --- [main] liquibase.changelog                      : Table agreements created
2023-12-07T12:43:04.069+01:00  INFO 2196 --- [main] liquibase.changelog                      : ChangeSet db/changeLog/changes/v0.0.1-SNAPSHOT/BE-0702-create-tables-changelog.xml::create agreements table::o.sardonikova ran successfully in 19ms
2023-12-07T12:43:04.090+01:00  INFO 2196 --- [main] liquibase.changelog                      : Table transactions created
2023-12-07T12:43:04.090+01:00  INFO 2196 --- [main] liquibase.changelog                      : ChangeSet db/changeLog/changes/v0.0.1-SNAPSHOT/BE-0702-create-tables-changelog.xml::create transactions table::o.sardonikova ran successfully in 18ms
2023-12-07T12:43:04.096+01:00  INFO 2196 --- [main] liquibase.changelog                      : New row inserted into users
2023-12-07T12:43:04.097+01:00  INFO 2196 --- [main] liquibase.changelog                      : New row inserted into users
2023-12-07T12:43:04.098+01:00  INFO 2196 --- [main] liquibase.changelog                      : ChangeSet db/changeLog/changes/v0.0.1-SNAPSHOT/BE-0702_insert_test_data_changelog_1.xml::insert test data into users table::o.sardonikova ran successfully in 4ms
2023-12-07T12:43:04.103+01:00  INFO 2196 --- [main] liquibase.changelog                      : New row inserted into products
2023-12-07T12:43:04.104+01:00  INFO 2196 --- [main] liquibase.changelog                      : ChangeSet db/changeLog/changes/v0.0.1-SNAPSHOT/BE-0702_insert_test_data_changelog_1.xml::insert test data into products table::o.sardonikova ran successfully in 3ms
2023-12-07T12:43:04.111+01:00  INFO 2196 --- [main] liquibase.changelog                      : New row inserted into accounts
2023-12-07T12:43:04.112+01:00  INFO 2196 --- [main] liquibase.changelog                      : New row inserted into accounts
2023-12-07T12:43:04.113+01:00  INFO 2196 --- [main] liquibase.changelog                      : ChangeSet db/changeLog/changes/v0.0.1-SNAPSHOT/BE-0702_insert_test_data_changelog_1.xml::insert test data into accounts table::o.sardonikova ran successfully in 5ms
2023-12-07T12:43:04.119+01:00  INFO 2196 --- [main] liquibase.changelog                      : New row inserted into agreements
2023-12-07T12:43:04.120+01:00  INFO 2196 --- [main] liquibase.changelog                      : ChangeSet db/changeLog/changes/v0.0.1-SNAPSHOT/BE-0702_insert_test_data_changelog_1.xml::insert test data into agreements table::o.sardonikova ran successfully in 4ms
2023-12-07T12:43:04.126+01:00  INFO 2196 --- [main] liquibase.changelog                      : New row inserted into transactions
2023-12-07T12:43:04.127+01:00  INFO 2196 --- [main] liquibase.changelog                      : ChangeSet db/changeLog/changes/v0.0.1-SNAPSHOT/BE-0702_insert_test_data_changelog_1.xml::insert test data into transactions table::o.sardonikova ran successfully in 3ms
2023-12-07T12:43:04.131+01:00  INFO 2196 --- [main] liquibase.util                           : UPDATE SUMMARY
2023-12-07T12:43:04.131+01:00  INFO 2196 --- [main] liquibase.util                           : Run:                         10
2023-12-07T12:43:04.131+01:00  INFO 2196 --- [main] liquibase.util                           : Previously run:               0
2023-12-07T12:43:04.131+01:00  INFO 2196 --- [main] liquibase.util                           : Filtered out:                 0
2023-12-07T12:43:04.131+01:00  INFO 2196 --- [main] liquibase.util                           : -------------------------------
2023-12-07T12:43:04.131+01:00  INFO 2196 --- [main] liquibase.util                           : Total change sets:           10

2023-12-07T12:43:04.131+01:00  INFO 2196 --- [main] liquibase.util                           : Update summary generated
2023-12-07T12:43:04.132+01:00  INFO 2196 --- [main] liquibase.command                        : Update command completed successfully.
2023-12-07T12:43:04.134+01:00  INFO 2196 --- [main] liquibase.lockservice                    : Successfully released change log lock
2023-12-07T12:43:04.134+01:00  INFO 2196 --- [main] liquibase.command                        : Command execution complete
2023-12-07T12:43:04.220+01:00  INFO 2196 --- [main] o.hibernate.jpa.internal.util.LogHelper  : HHH000204: Processing PersistenceUnitInfo [name: default]
2023-12-07T12:43:04.261+01:00  INFO 2196 --- [main] org.hibernate.Version                    : HHH000412: Hibernate ORM core version 6.2.7.Final
2023-12-07T12:43:04.263+01:00  INFO 2196 --- [main] org.hibernate.cfg.Environment            : HHH000406: Using bytecode reflection optimizer
2023-12-07T12:43:04.368+01:00  INFO 2196 --- [main] o.h.b.i.BytecodeProviderInitiator        : HHH000021: Bytecode provider name : bytebuddy
2023-12-07T12:43:04.488+01:00  INFO 2196 --- [main] o.s.o.j.p.SpringPersistenceUnitInfo      : No LoadTimeWeaver setup: ignoring JPA class transformer
2023-12-07T12:43:04.723+01:00  INFO 2196 --- [main] o.h.b.i.BytecodeProviderInitiator        : HHH000021: Bytecode provider name : bytebuddy
2023-12-07T12:43:05.257+01:00  INFO 2196 --- [main] o.h.e.t.j.p.i.JtaPlatformInitiator       : HHH000490: Using JtaPlatform implementation: [org.hibernate.engine.transaction.jta.platform.internal.NoJtaPlatform]
2023-12-07T12:43:05.259+01:00  INFO 2196 --- [main] j.LocalContainerEntityManagerFactoryBean : Initialized JPA EntityManagerFactory for persistence unit 'default'
2023-12-07T12:43:05.624+01:00  INFO 2196 --- [main] o.s.d.j.r.query.QueryEnhancerFactory     : Hibernate is in classpath; If applicable, HQL parser will be used.
2023-12-07T12:43:06.896+01:00  INFO 2196 --- [main] o.s.s.web.DefaultSecurityFilterChain     : Will secure any request with [org.springframework.security.web.session.DisableEncodeUrlFilter@6fab6ea2, org.springframework.security.web.context.request.async.WebAsyncManagerIntegrationFilter@15a09ddc, org.springframework.security.web.context.SecurityContextHolderFilter@2daa7c93, org.springframework.security.web.header.HeaderWriterFilter@2c56d4ab, org.springframework.security.web.authentication.logout.LogoutFilter@5451d7a0, com.example.bankapp.security.Jwtfilter@4eb168a1, org.springframework.security.web.savedrequest.RequestCacheAwareFilter@7c95b68c, org.springframework.security.web.servletapi.SecurityContextHolderAwareRequestFilter@30ef7d06, org.springframework.security.web.authentication.AnonymousAuthenticationFilter@46fd6d87, org.springframework.security.web.session.SessionManagementFilter@5e500946, org.springframework.security.web.access.ExceptionTranslationFilter@4f427387, org.springframework.security.web.access.intercept.AuthorizationFilter@4aae493]
2023-12-07T12:43:07.353+01:00  INFO 2196 --- [main] o.s.b.w.embedded.tomcat.TomcatWebServer  : Tomcat started on port(s): 8080 (http) with context path ''
2023-12-07T12:43:07.360+01:00  INFO 2196 --- [main] com.example.BankAppApplication           : Started BankAppApplication in 6.138 seconds (process running for 6.598)
2023-12-07T12:43:24.207+01:00  INFO 2196 --- [http-nio-8080-exec-1] o.a.c.c.C.[Tomcat].[localhost].[/]       : Initializing Spring DispatcherServlet 'dispatcherServlet'
2023-12-07T12:43:24.207+01:00  INFO 2196 --- [http-nio-8080-exec-1] o.s.web.servlet.DispatcherServlet        : Initializing Servlet 'dispatcherServlet'
2023-12-07T12:43:24.208+01:00  INFO 2196 --- [http-nio-8080-exec-1] o.s.web.servlet.DispatcherServlet        : Completed initialization in 1 ms
2023-12-07T12:43:24.723+01:00  INFO 2196 --- [http-nio-8080-exec-9] o.springdoc.api.AbstractOpenApiResource  : Init duration for springdoc-openapi is: 161 ms
2023-12-07T12:44:07.667+01:00  INFO 2196 --- [http-nio-8080-exec-7] c.example.bankapp.aspect.LoggingAspect   : NEW REQUEST:
IP : 0:0:0:0:0:0:0:1
URL : http://localhost:8080/auth
HTTP_METHOD : POST
CONTROLLER_METHOD : com.example.bankapp.controller.AuthController.auth
2023-12-07T12:44:07.671+01:00  INFO 2196 --- [http-nio-8080-exec-7] c.example.bankapp.aspect.LoggingAspect   : RUN SERVICE:
SERVICE_METHOD : com.example.bankapp.service.impl.UserServiceImpl.findByEmailAndPassword
2023-12-07T12:44:07.758+01:00  INFO 2196 --- [http-nio-8080-exec-7] c.example.bankapp.aspect.LoggingAspect   : 
Return value: <200 OK OK,eyJhbGciOiJIUzI1NiJ9.eyJzdWIiOiJqb2huQGV4YW1wbGUuY29tIiwiZXhwIjoxNzAxOTUwMzQ3fQ.rsXQjA-B2gtN7hSAsxEkJjoMRmQYs45koAm_rJORXN4,[]>
END OF REQUEST
2023-12-07T12:44:36.923+01:00  INFO 2196 --- [http-nio-8080-exec-3] c.example.bankapp.aspect.LoggingAspect   : NEW REQUEST:
IP : 0:0:0:0:0:0:0:1
URL : http://localhost:8080/account/create
HTTP_METHOD : POST
CONTROLLER_METHOD : com.example.bankapp.controller.AccountController.createAccount
2023-12-07T12:44:36.923+01:00  INFO 2196 --- [http-nio-8080-exec-3] c.example.bankapp.aspect.LoggingAspect   : RUN SERVICE:
SERVICE_METHOD : com.example.bankapp.service.impl.AccountServiceImpl.createAccount
2023-12-07T12:44:36.944+01:00  INFO 2196 --- [http-nio-8080-exec-3] c.example.bankapp.aspect.LoggingAspect   : 
Return value: <201 CREATED Created,AccountDto(id=1a480b58-611b-40b7-868f-f92278176c71, name=Savings, type=TRAVEL, status=ACTIVE, balance=500.00, currencyCode=USD, productName=null, ownerFullName=John Smith),[Location:"/1a480b58-611b-40b7-868f-f92278176c71"]>
END OF REQUEST
2023-12-07T12:45:19.905+01:00  INFO 2196 --- [http-nio-8080-exec-5] c.example.bankapp.aspect.LoggingAspect   : NEW REQUEST:
IP : 0:0:0:0:0:0:0:1
URL : http://localhost:8080/agreement/create
HTTP_METHOD : POST
CONTROLLER_METHOD : com.example.bankapp.controller.AgreementController.createAgreement
2023-12-07T12:45:19.906+01:00  INFO 2196 --- [http-nio-8080-exec-5] c.example.bankapp.aspect.LoggingAspect   : RUN SERVICE:
SERVICE_METHOD : com.example.bankapp.service.impl.AgreementServiceImpl.createAgreement
2023-12-07T12:45:19.938+01:00  INFO 2196 --- [http-nio-8080-exec-5] c.example.bankapp.aspect.LoggingAspect   : 
Return value: <201 CREATED Created,AgreementDto(id=a781a986-48cc-42c5-880b-eb6d0ad813e2, accountId=1a480b58-611b-40b7-868f-f92278176c71, productId=1, managerId=c67bfe33-e779-4d0e-81a3-8e6f1870d601, interestRate=3.5000, status=ACTIVE, sum=100000),[Location:"/a781a986-48cc-42c5-880b-eb6d0ad813e2"]>
END OF REQUEST
2023-12-07T12:46:26.874+01:00  INFO 2196 --- [http-nio-8080-exec-9] c.example.bankapp.aspect.LoggingAspect   : NEW REQUEST:
IP : 0:0:0:0:0:0:0:1
URL : http://localhost:8080/agreement/a781a986-48cc-42c5-880b-eb6d0ad813e2
HTTP_METHOD : PUT
CONTROLLER_METHOD : com.example.bankapp.controller.AgreementController.updateAgreementById
2023-12-07T12:46:26.875+01:00  INFO 2196 --- [http-nio-8080-exec-9] c.example.bankapp.aspect.LoggingAspect   : RUN SERVICE:
SERVICE_METHOD : com.example.bankapp.service.impl.AgreementServiceImpl.updateById
2023-12-07T12:46:26.878+01:00 ERROR 2196 --- [http-nio-8080-exec-9] c.example.bankapp.aspect.LoggingAspect   : Request throw an exception. Cause - [a781a986-48cc-42c5-880b-eb6d0ad813e2, AgreementDto(id=string, accountId=string, productId=string, managerId=string, interestRate=string, status=CLOSED, sum=500)]. Invalid UUID string: string
2023-12-07T12:46:38.651+01:00  INFO 2196 --- [SpringApplicationShutdownHook] j.LocalContainerEntityManagerFactoryBean : Closing JPA EntityManagerFactory for persistence unit 'default'
2023-12-07T12:46:38.653+01:00  INFO 2196 --- [SpringApplicationShutdownHook] com.zaxxer.hikari.HikariDataSource       : HikariPool-1 - Shutdown initiated...
2023-12-07T12:46:38.659+01:00  INFO 2196 --- [SpringApplicationShutdownHook] com.zaxxer.hikari.HikariDataSource       : HikariPool-1 - Shutdown completed.
2023-12-07T12:53:32.566+01:00  INFO 14916 --- [main] com.example.BankAppApplication           : Starting BankAppApplication using Java 19.0.2 with PID 14916 (D:\Ksu\Tel-Ran 070223-m\Java\Prof\CHeat\ProjectBankAppV.2.0\BankApp\target\classes started by Professional in D:\Ksu\Tel-Ran 070223-m\Java\Prof\CHeat\ProjectBankAppV.2.0)
2023-12-07T12:53:32.567+01:00  INFO 14916 --- [main] com.example.BankAppApplication           : No active profile set, falling back to 1 default profile: "default"
2023-12-07T12:53:33.038+01:00  INFO 14916 --- [main] .s.d.r.c.RepositoryConfigurationDelegate : Bootstrapping Spring Data JPA repositories in DEFAULT mode.
2023-12-07T12:53:33.087+01:00  INFO 14916 --- [main] .s.d.r.c.RepositoryConfigurationDelegate : Finished Spring Data repository scanning in 45 ms. Found 5 JPA repository interfaces.
2023-12-07T12:53:33.526+01:00  INFO 14916 --- [main] o.s.b.w.embedded.tomcat.TomcatWebServer  : Tomcat initialized with port(s): 8080 (http)
2023-12-07T12:53:33.531+01:00  INFO 14916 --- [main] o.apache.catalina.core.StandardService   : Starting service [Tomcat]
2023-12-07T12:53:33.531+01:00  INFO 14916 --- [main] o.apache.catalina.core.StandardEngine    : Starting Servlet engine: [Apache Tomcat/10.1.12]
2023-12-07T12:53:33.590+01:00  INFO 14916 --- [main] o.a.c.c.C.[Tomcat].[localhost].[/]       : Initializing Spring embedded WebApplicationContext
2023-12-07T12:53:33.590+01:00  INFO 14916 --- [main] w.s.c.ServletWebServerApplicationContext : Root WebApplicationContext: initialization completed in 1001 ms
2023-12-07T12:53:33.690+01:00  INFO 14916 --- [main] com.zaxxer.hikari.HikariDataSource       : HikariPool-1 - Starting...
2023-12-07T12:53:33.854+01:00  INFO 14916 --- [main] com.zaxxer.hikari.pool.HikariPool        : HikariPool-1 - Added connection com.mysql.cj.jdbc.ConnectionImpl@1aac0a47
2023-12-07T12:53:33.855+01:00  INFO 14916 --- [main] com.zaxxer.hikari.HikariDataSource       : HikariPool-1 - Start completed.
2023-12-07T12:53:34.020+01:00  INFO 14916 --- [main] liquibase.lockservice                    : Successfully acquired change log lock
2023-12-07T12:53:34.025+01:00  INFO 14916 --- [main] liquibase.command                        : Dropping Database Objects in schema: BankAppBase.BankAppBase
2023-12-07T12:53:34.204+01:00  INFO 14916 --- [main] liquibase.database                       : Successfully deleted all supported object types in schema BankAppBase.BankAppBase.
2023-12-07T12:53:34.210+01:00  WARN 14916 --- [main] liquibase.lockservice                    : Failed to release change log lock
2023-12-07T12:53:34.211+01:00  INFO 14916 --- [main] liquibase.command                        : Command execution complete
2023-12-07T12:53:34.465+01:00  INFO 14916 --- [main] liquibase.changelog                      : Creating database history table with name: BankAppBase.DATABASECHANGELOG
2023-12-07T12:53:34.487+01:00  INFO 14916 --- [main] liquibase.changelog                      : Reading from BankAppBase.DATABASECHANGELOG
2023-12-07T12:53:34.535+01:00  INFO 14916 --- [main] liquibase.lockservice                    : Successfully acquired change log lock
2023-12-07T12:53:34.541+01:00  INFO 14916 --- [main] liquibase.command                        : Using deploymentId: 1950014541
2023-12-07T12:53:34.542+01:00  INFO 14916 --- [main] liquibase.changelog                      : Reading from BankAppBase.DATABASECHANGELOG
2023-12-07T12:53:34.582+01:00  INFO 14916 --- [main] liquibase.changelog                      : Table users created
2023-12-07T12:53:34.583+01:00  INFO 14916 --- [main] liquibase.changelog                      : ChangeSet db/changeLog/changes/v0.0.1-SNAPSHOT/BE-0702-create-tables-changelog.xml::create users table::o.sardonikova ran successfully in 17ms
2023-12-07T12:53:34.601+01:00  INFO 14916 --- [main] liquibase.changelog                      : Table products created
2023-12-07T12:53:34.601+01:00  INFO 14916 --- [main] liquibase.changelog                      : ChangeSet db/changeLog/changes/v0.0.1-SNAPSHOT/BE-0702-create-tables-changelog.xml::create products table::o.sardonikova ran successfully in 12ms
2023-12-07T12:53:34.619+01:00  INFO 14916 --- [main] liquibase.changelog                      : Table accounts created
2023-12-07T12:53:34.620+01:00  INFO 14916 --- [main] liquibase.changelog                      : ChangeSet db/changeLog/changes/v0.0.1-SNAPSHOT/BE-0702-create-tables-changelog.xml::create accounts table::o.sardonikova ran successfully in 15ms
2023-12-07T12:53:34.642+01:00  INFO 14916 --- [main] liquibase.changelog                      : Table agreements created
2023-12-07T12:53:34.643+01:00  INFO 14916 --- [main] liquibase.changelog                      : ChangeSet db/changeLog/changes/v0.0.1-SNAPSHOT/BE-0702-create-tables-changelog.xml::create agreements table::o.sardonikova ran successfully in 20ms
2023-12-07T12:53:34.662+01:00  INFO 14916 --- [main] liquibase.changelog                      : Table transactions created
2023-12-07T12:53:34.663+01:00  INFO 14916 --- [main] liquibase.changelog                      : ChangeSet db/changeLog/changes/v0.0.1-SNAPSHOT/BE-0702-create-tables-changelog.xml::create transactions table::o.sardonikova ran successfully in 17ms
2023-12-07T12:53:34.669+01:00  INFO 14916 --- [main] liquibase.changelog                      : New row inserted into users
2023-12-07T12:53:34.670+01:00  INFO 14916 --- [main] liquibase.changelog                      : New row inserted into users
2023-12-07T12:53:34.670+01:00  INFO 14916 --- [main] liquibase.changelog                      : ChangeSet db/changeLog/changes/v0.0.1-SNAPSHOT/BE-0702_insert_test_data_changelog_1.xml::insert test data into users table::o.sardonikova ran successfully in 3ms
2023-12-07T12:53:34.675+01:00  INFO 14916 --- [main] liquibase.changelog                      : New row inserted into products
2023-12-07T12:53:34.676+01:00  INFO 14916 --- [main] liquibase.changelog                      : ChangeSet db/changeLog/changes/v0.0.1-SNAPSHOT/BE-0702_insert_test_data_changelog_1.xml::insert test data into products table::o.sardonikova ran successfully in 3ms
2023-12-07T12:53:34.681+01:00  INFO 14916 --- [main] liquibase.changelog                      : New row inserted into accounts
2023-12-07T12:53:34.682+01:00  INFO 14916 --- [main] liquibase.changelog                      : New row inserted into accounts
2023-12-07T12:53:34.683+01:00  INFO 14916 --- [main] liquibase.changelog                      : ChangeSet db/changeLog/changes/v0.0.1-SNAPSHOT/BE-0702_insert_test_data_changelog_1.xml::insert test data into accounts table::o.sardonikova ran successfully in 4ms
2023-12-07T12:53:34.688+01:00  INFO 14916 --- [main] liquibase.changelog                      : New row inserted into agreements
2023-12-07T12:53:34.689+01:00  INFO 14916 --- [main] liquibase.changelog                      : ChangeSet db/changeLog/changes/v0.0.1-SNAPSHOT/BE-0702_insert_test_data_changelog_1.xml::insert test data into agreements table::o.sardonikova ran successfully in 3ms
2023-12-07T12:53:34.694+01:00  INFO 14916 --- [main] liquibase.changelog                      : New row inserted into transactions
2023-12-07T12:53:34.695+01:00  INFO 14916 --- [main] liquibase.changelog                      : ChangeSet db/changeLog/changes/v0.0.1-SNAPSHOT/BE-0702_insert_test_data_changelog_1.xml::insert test data into transactions table::o.sardonikova ran successfully in 3ms
2023-12-07T12:53:34.698+01:00  INFO 14916 --- [main] liquibase.util                           : UPDATE SUMMARY
2023-12-07T12:53:34.698+01:00  INFO 14916 --- [main] liquibase.util                           : Run:                         10
2023-12-07T12:53:34.698+01:00  INFO 14916 --- [main] liquibase.util                           : Previously run:               0
2023-12-07T12:53:34.699+01:00  INFO 14916 --- [main] liquibase.util                           : Filtered out:                 0
2023-12-07T12:53:34.699+01:00  INFO 14916 --- [main] liquibase.util                           : -------------------------------
2023-12-07T12:53:34.699+01:00  INFO 14916 --- [main] liquibase.util                           : Total change sets:           10

2023-12-07T12:53:34.699+01:00  INFO 14916 --- [main] liquibase.util                           : Update summary generated
2023-12-07T12:53:34.700+01:00  INFO 14916 --- [main] liquibase.command                        : Update command completed successfully.
2023-12-07T12:53:34.702+01:00  INFO 14916 --- [main] liquibase.lockservice                    : Successfully released change log lock
2023-12-07T12:53:34.702+01:00  INFO 14916 --- [main] liquibase.command                        : Command execution complete
2023-12-07T12:53:34.783+01:00  INFO 14916 --- [main] o.hibernate.jpa.internal.util.LogHelper  : HHH000204: Processing PersistenceUnitInfo [name: default]
2023-12-07T12:53:34.811+01:00  INFO 14916 --- [main] org.hibernate.Version                    : HHH000412: Hibernate ORM core version 6.2.7.Final
2023-12-07T12:53:34.812+01:00  INFO 14916 --- [main] org.hibernate.cfg.Environment            : HHH000406: Using bytecode reflection optimizer
2023-12-07T12:53:34.888+01:00  INFO 14916 --- [main] o.h.b.i.BytecodeProviderInitiator        : HHH000021: Bytecode provider name : bytebuddy
2023-12-07T12:53:34.967+01:00  INFO 14916 --- [main] o.s.o.j.p.SpringPersistenceUnitInfo      : No LoadTimeWeaver setup: ignoring JPA class transformer
2023-12-07T12:53:35.127+01:00  INFO 14916 --- [main] o.h.b.i.BytecodeProviderInitiator        : HHH000021: Bytecode provider name : bytebuddy
2023-12-07T12:53:35.572+01:00  INFO 14916 --- [main] o.h.e.t.j.p.i.JtaPlatformInitiator       : HHH000490: Using JtaPlatform implementation: [org.hibernate.engine.transaction.jta.platform.internal.NoJtaPlatform]
2023-12-07T12:53:35.574+01:00  INFO 14916 --- [main] j.LocalContainerEntityManagerFactoryBean : Initialized JPA EntityManagerFactory for persistence unit 'default'
2023-12-07T12:53:35.892+01:00  INFO 14916 --- [main] o.s.d.j.r.query.QueryEnhancerFactory     : Hibernate is in classpath; If applicable, HQL parser will be used.
2023-12-07T12:53:36.932+01:00  INFO 14916 --- [main] o.s.s.web.DefaultSecurityFilterChain     : Will secure any request with [org.springframework.security.web.session.DisableEncodeUrlFilter@4bd23b22, org.springframework.security.web.context.request.async.WebAsyncManagerIntegrationFilter@75e6907c, org.springframework.security.web.context.SecurityContextHolderFilter@64f5cec8, org.springframework.security.web.header.HeaderWriterFilter@6900e105, org.springframework.security.web.authentication.logout.LogoutFilter@71b5be5d, com.example.bankapp.security.Jwtfilter@1a7186ef, org.springframework.security.web.savedrequest.RequestCacheAwareFilter@3dd7721b, org.springframework.security.web.servletapi.SecurityContextHolderAwareRequestFilter@3e79c9e0, org.springframework.security.web.authentication.AnonymousAuthenticationFilter@10b87c58, org.springframework.security.web.session.SessionManagementFilter@7e278ada, org.springframework.security.web.access.ExceptionTranslationFilter@2b14a654, org.springframework.security.web.access.intercept.AuthorizationFilter@4f3551c1]
2023-12-07T12:53:37.296+01:00  INFO 14916 --- [main] o.s.b.w.embedded.tomcat.TomcatWebServer  : Tomcat started on port(s): 8080 (http) with context path ''
2023-12-07T12:53:37.301+01:00  INFO 14916 --- [main] com.example.BankAppApplication           : Started BankAppApplication in 5.083 seconds (process running for 5.5)
2023-12-07T12:53:50.004+01:00  INFO 14916 --- [http-nio-8080-exec-1] o.a.c.c.C.[Tomcat].[localhost].[/]       : Initializing Spring DispatcherServlet 'dispatcherServlet'
2023-12-07T12:53:50.004+01:00  INFO 14916 --- [http-nio-8080-exec-1] o.s.web.servlet.DispatcherServlet        : Initializing Servlet 'dispatcherServlet'
2023-12-07T12:53:50.005+01:00  INFO 14916 --- [http-nio-8080-exec-1] o.s.web.servlet.DispatcherServlet        : Completed initialization in 1 ms
2023-12-07T12:53:50.559+01:00  INFO 14916 --- [http-nio-8080-exec-8] o.springdoc.api.AbstractOpenApiResource  : Init duration for springdoc-openapi is: 195 ms
2023-12-07T12:54:30.729+01:00  INFO 14916 --- [http-nio-8080-exec-8] c.example.bankapp.aspect.LoggingAspect   : NEW REQUEST:
IP : 0:0:0:0:0:0:0:1
URL : http://localhost:8080/auth
HTTP_METHOD : POST
CONTROLLER_METHOD : com.example.bankapp.controller.AuthController.auth
2023-12-07T12:54:30.734+01:00  INFO 14916 --- [http-nio-8080-exec-8] c.example.bankapp.aspect.LoggingAspect   : RUN SERVICE:
SERVICE_METHOD : com.example.bankapp.service.impl.UserServiceImpl.findByEmailAndPassword
2023-12-07T12:54:30.816+01:00  INFO 14916 --- [http-nio-8080-exec-8] c.example.bankapp.aspect.LoggingAspect   : 
Return value: <200 OK OK,eyJhbGciOiJIUzI1NiJ9.eyJzdWIiOiJqb2huQGV4YW1wbGUuY29tIiwiZXhwIjoxNzAxOTUwOTcwfQ.iV_k3dUOgLlh3jdCGdM2tJMPa6cc5iMZW9_jq5E98Rs,[]>
END OF REQUEST
2023-12-07T12:55:30.398+01:00  INFO 14916 --- [http-nio-8080-exec-1] c.example.bankapp.aspect.LoggingAspect   : NEW REQUEST:
IP : 0:0:0:0:0:0:0:1
URL : http://localhost:8080/account/create
HTTP_METHOD : POST
CONTROLLER_METHOD : com.example.bankapp.controller.AccountController.createAccount
2023-12-07T12:55:30.399+01:00  INFO 14916 --- [http-nio-8080-exec-1] c.example.bankapp.aspect.LoggingAspect   : RUN SERVICE:
SERVICE_METHOD : com.example.bankapp.service.impl.AccountServiceImpl.createAccount
2023-12-07T12:55:30.419+01:00  INFO 14916 --- [http-nio-8080-exec-1] c.example.bankapp.aspect.LoggingAspect   : 
Return value: <201 CREATED Created,AccountDto(id=2fd19c92-7678-459f-b7e6-c8a550bbd100, name=Savings, type=TRAVEL, status=ACTIVE, balance=500.00, currencyCode=USD, productName=null, ownerFullName=John Smith),[Location:"/2fd19c92-7678-459f-b7e6-c8a550bbd100"]>
END OF REQUEST
2023-12-07T12:56:09.414+01:00  INFO 14916 --- [http-nio-8080-exec-3] c.example.bankapp.aspect.LoggingAspect   : NEW REQUEST:
IP : 0:0:0:0:0:0:0:1
URL : http://localhost:8080/agreement/create
HTTP_METHOD : POST
CONTROLLER_METHOD : com.example.bankapp.controller.AgreementController.createAgreement
2023-12-07T12:56:09.414+01:00  INFO 14916 --- [http-nio-8080-exec-3] c.example.bankapp.aspect.LoggingAspect   : RUN SERVICE:
SERVICE_METHOD : com.example.bankapp.service.impl.AgreementServiceImpl.createAgreement
2023-12-07T12:56:09.446+01:00  INFO 14916 --- [http-nio-8080-exec-3] c.example.bankapp.aspect.LoggingAspect   : 
Return value: <201 CREATED Created,AgreementDto(id=dae198f0-70b8-4938-81e5-40109df9d104, accountId=2fd19c92-7678-459f-b7e6-c8a550bbd100, productId=1, managerId=c67bfe33-e779-4d0e-81a3-8e6f1870d601, interestRate=3.5000, status=ACTIVE, sum=100000),[Location:"/dae198f0-70b8-4938-81e5-40109df9d104"]>
END OF REQUEST
2023-12-07T12:57:53.410+01:00  INFO 14916 --- [http-nio-8080-exec-5] c.example.bankapp.aspect.LoggingAspect   : NEW REQUEST:
IP : 0:0:0:0:0:0:0:1
URL : http://localhost:8080/agreement/dae198f0-70b8-4938-81e5-40109df9d104
HTTP_METHOD : PUT
CONTROLLER_METHOD : com.example.bankapp.controller.AgreementController.updateAgreementById
2023-12-07T12:57:53.411+01:00  INFO 14916 --- [http-nio-8080-exec-5] c.example.bankapp.aspect.LoggingAspect   : RUN SERVICE:
SERVICE_METHOD : com.example.bankapp.service.impl.AgreementServiceImpl.updateById
2023-12-07T12:57:53.432+01:00  INFO 14916 --- [http-nio-8080-exec-5] c.example.bankapp.aspect.LoggingAspect   : 
Return value: <200 OK OK,AgreementDto(id=dae198f0-70b8-4938-81e5-40109df9d104, accountId=2fd19c92-7678-459f-b7e6-c8a550bbd100, productId=1, managerId=c67bfe33-e779-4d0e-81a3-8e6f1870d601, interestRate=3.5000, status=ACTIVE, sum=100000),[]>
END OF REQUEST
2023-12-07T12:59:07.415+01:00  INFO 14916 --- [http-nio-8080-exec-7] c.example.bankapp.aspect.LoggingAspect   : NEW REQUEST:
IP : 0:0:0:0:0:0:0:1
URL : http://localhost:8080/account/2fd19c92-7678-459f-b7e6-c8a550bbd100
HTTP_METHOD : GET
CONTROLLER_METHOD : com.example.bankapp.controller.AccountController.getAccountById
2023-12-07T12:59:07.415+01:00  INFO 14916 --- [http-nio-8080-exec-7] c.example.bankapp.aspect.LoggingAspect   : RUN SERVICE:
SERVICE_METHOD : com.example.bankapp.service.impl.AccountServiceImpl.getById
2023-12-07T12:59:07.420+01:00  INFO 14916 --- [http-nio-8080-exec-7] c.example.bankapp.aspect.LoggingAspect   : 
Return value: AccountDto(id=2fd19c92-7678-459f-b7e6-c8a550bbd100, name=Savings, type=TRAVEL, status=ACTIVE, balance=500.0000, currencyCode=USD, productName=Mortgage, ownerFullName=John Smith)
END OF REQUEST
2023-12-07T13:00:27.763+01:00  INFO 14916 --- [http-nio-8080-exec-4] c.example.bankapp.aspect.LoggingAspect   : NEW REQUEST:
IP : 0:0:0:0:0:0:0:1
URL : http://localhost:8080/transaction/create
HTTP_METHOD : POST
CONTROLLER_METHOD : com.example.bankapp.controller.TransactionController.createTransaction
2023-12-07T13:00:27.763+01:00  INFO 14916 --- [http-nio-8080-exec-4] c.example.bankapp.aspect.LoggingAspect   : RUN SERVICE:
SERVICE_METHOD : com.example.bankapp.service.impl.TransactionServiceImpl.createTransaction
2023-12-07T13:00:27.785+01:00  INFO 14916 --- [http-nio-8080-exec-4] c.example.bankapp.aspect.LoggingAspect   : 
Return value: TransactionDto(id=5a1ce45f-0d4a-4738-a80c-c5c6577aecb3, debitAccountId=2442b573-307c-4f39-994e-5bb359745cba, creditAccountId=a16b4e7d-8a29-4327-b79c-4f6b21410d12, type=TRANSFER, amount=100, description=for coffee, createdAt=2023-12-07T13:00:27.7697119)
END OF REQUEST
2023-12-07T13:00:49.966+01:00  INFO 14916 --- [SpringApplicationShutdownHook] j.LocalContainerEntityManagerFactoryBean : Closing JPA EntityManagerFactory for persistence unit 'default'
2023-12-07T13:00:49.967+01:00  INFO 14916 --- [SpringApplicationShutdownHook] com.zaxxer.hikari.HikariDataSource       : HikariPool-1 - Shutdown initiated...
2023-12-07T13:00:49.971+01:00  INFO 14916 --- [SpringApplicationShutdownHook] com.zaxxer.hikari.HikariDataSource       : HikariPool-1 - Shutdown completed.
