2023-10-27T13:16:13.888+02:00  INFO 14244 --- [main] c.e.b.controller.AccountControllerTest   : Starting AccountControllerTest using Java 19.0.2 with PID 14244 (started by Professional in D:\Ksu\Tel-Ran 070223-m\Java\Prof\CHeat\ProjectBankAppV.2.0\BankApp)
2023-10-27T13:16:13.891+02:00  INFO 14244 --- [main] c.e.b.controller.AccountControllerTest   : No active profile set, falling back to 1 default profile: "default"
2023-10-27T13:16:14.358+02:00  INFO 14244 --- [main] .s.d.r.c.RepositoryConfigurationDelegate : Bootstrapping Spring Data JPA repositories in DEFAULT mode.
2023-10-27T13:16:14.424+02:00  INFO 14244 --- [main] .s.d.r.c.RepositoryConfigurationDelegate : Finished Spring Data repository scanning in 59 ms. Found 5 JPA repository interfaces.
2023-10-27T13:16:14.878+02:00  INFO 14244 --- [main] o.hibernate.jpa.internal.util.LogHelper  : HHH000204: Processing PersistenceUnitInfo [name: default]
2023-10-27T13:16:14.934+02:00  INFO 14244 --- [main] org.hibernate.Version                    : HHH000412: Hibernate ORM core version 6.2.7.Final
2023-10-27T13:16:14.936+02:00  INFO 14244 --- [main] org.hibernate.cfg.Environment            : HHH000406: Using bytecode reflection optimizer
2023-10-27T13:16:15.093+02:00  INFO 14244 --- [main] o.h.b.i.BytecodeProviderInitiator        : HHH000021: Bytecode provider name : bytebuddy
2023-10-27T13:16:15.228+02:00  INFO 14244 --- [main] o.s.o.j.p.SpringPersistenceUnitInfo      : No LoadTimeWeaver setup: ignoring JPA class transformer
2023-10-27T13:16:15.247+02:00  INFO 14244 --- [main] com.zaxxer.hikari.HikariDataSource       : HikariPool-1 - Starting...
2023-10-27T13:16:15.551+02:00  INFO 14244 --- [main] com.zaxxer.hikari.pool.HikariPool        : HikariPool-1 - Added connection conn1: url=jdbc:h2:file:./testdb user=SA
2023-10-27T13:16:15.552+02:00  INFO 14244 --- [main] com.zaxxer.hikari.HikariDataSource       : HikariPool-1 - Start completed.
2023-10-27T13:16:15.798+02:00  INFO 14244 --- [main] o.h.b.i.BytecodeProviderInitiator        : HHH000021: Bytecode provider name : bytebuddy
2023-10-27T13:16:16.302+02:00  INFO 14244 --- [main] o.h.e.t.j.p.i.JtaPlatformInitiator       : HHH000490: Using JtaPlatform implementation: [org.hibernate.engine.transaction.jta.platform.internal.NoJtaPlatform]
2023-10-27T13:16:16.304+02:00  INFO 14244 --- [main] j.LocalContainerEntityManagerFactoryBean : Initialized JPA EntityManagerFactory for persistence unit 'default'
2023-10-27T13:16:16.868+02:00  INFO 14244 --- [main] o.s.d.j.r.query.QueryEnhancerFactory     : Hibernate is in classpath; If applicable, HQL parser will be used.
2023-10-27T13:16:17.846+02:00  WARN 14244 --- [main] JpaBaseConfiguration$JpaWebConfiguration : spring.jpa.open-in-view is enabled by default. Therefore, database queries may be performed during view rendering. Explicitly configure spring.jpa.open-in-view to disable this warning
2023-10-27T13:16:18.418+02:00  INFO 14244 --- [main] o.s.b.t.m.w.SpringBootMockServletContext : Initializing Spring TestDispatcherServlet ''
2023-10-27T13:16:18.418+02:00  INFO 14244 --- [main] o.s.t.web.servlet.TestDispatcherServlet  : Initializing Servlet ''
2023-10-27T13:16:18.419+02:00  INFO 14244 --- [main] o.s.t.web.servlet.TestDispatcherServlet  : Completed initialization in 1 ms
2023-10-27T13:16:18.449+02:00  INFO 14244 --- [main] c.e.b.controller.AccountControllerTest   : Started AccountControllerTest in 4.85 seconds (process running for 5.728)
2023-10-27T13:16:18.909+02:00  INFO 14244 --- [main] c.example.bankapp.aspect.LoggingAspect   : NEW REQUEST:
IP : 127.0.0.1
URL : http://localhost/account/create
HTTP_METHOD : POST
CONTROLLER_METHOD : com.example.bankapp.controller.AccountController.createAccount
2023-10-27T13:16:18.910+02:00  INFO 14244 --- [main] c.example.bankapp.aspect.LoggingAspect   : RUN SERVICE:
SERVICE_METHOD : com.example.bankapp.service.impl.AccountServiceImpl.createAccount
2023-10-27T13:16:18.983+02:00  INFO 14244 --- [main] c.example.bankapp.aspect.LoggingAspect   : 
Return value: AccountDto(id=3cdc35d5-c855-48b5-bd29-46e68bdaeafb, name=Alisia Smith, type=TRAVEL, status=NEW, balance=20000, currencyCode=EUR, clientId=c586e826-f384-4c06-b00e-75ff679e732f)
END OF REQUEST
2023-10-27T13:16:19.016+02:00  INFO 14244 --- [SpringApplicationShutdownHook] j.LocalContainerEntityManagerFactoryBean : Closing JPA EntityManagerFactory for persistence unit 'default'
2023-10-27T13:16:19.017+02:00  INFO 14244 --- [SpringApplicationShutdownHook] com.zaxxer.hikari.HikariDataSource       : HikariPool-1 - Shutdown initiated...
2023-10-27T13:16:19.018+02:00  INFO 14244 --- [SpringApplicationShutdownHook] com.zaxxer.hikari.HikariDataSource       : HikariPool-1 - Shutdown completed.
